2023/04/29 10:07:45 [notice] 1#1: using the "epoll" event method
2023/04/29 10:07:45 [notice] 1#1: nginx/1.23.4
2023/04/29 10:07:45 [notice] 1#1: built by gcc 12.2.1 20220924 (Alpine 12.2.1_git20220924-r4) 
2023/04/29 10:07:45 [notice] 1#1: OS: Linux 5.8.0-55-generic
2023/04/29 10:07:45 [notice] 1#1: getrlimit(RLIMIT_NOFILE): 1048576:1048576
2023/04/29 10:07:45 [notice] 1#1: start worker processes
2023/04/29 10:07:45 [notice] 1#1: start worker process 29
2023/04/29 10:07:45 [notice] 1#1: start worker process 30
2023/04/29 10:07:45 [notice] 1#1: start worker process 31
2023/04/29 10:07:45 [notice] 1#1: start worker process 32
2023/04/29 10:07:45 [notice] 1#1: start worker process 33
2023/04/29 10:07:45 [notice] 1#1: start worker process 34
2023/04/29 10:07:45 [notice] 1#1: start worker process 35
2023/04/29 10:07:45 [notice] 1#1: start worker process 36
2023/04/29 10:08:12 [error] 29#29: *1 connect() failed (113: Host is unreachable) while connecting to upstream, client: 172.18.0.1, server: , request: "GET / HTTP/1.1", upstream: "fastcgi://172.18.0.2:9000", host: "localhost:8000"
2023/04/29 10:21:45 [notice] 1#1: signal 3 (SIGQUIT) received, shutting down
2023/04/29 10:21:45 [notice] 29#29: gracefully shutting down
2023/04/29 10:21:45 [notice] 30#30: gracefully shutting down
2023/04/29 10:21:45 [notice] 32#32: gracefully shutting down
2023/04/29 10:21:45 [notice] 31#31: gracefully shutting down
2023/04/29 10:21:45 [notice] 33#33: gracefully shutting down
2023/04/29 10:21:45 [notice] 30#30: exiting
2023/04/29 10:21:45 [notice] 29#29: exiting
2023/04/29 10:21:45 [notice] 32#32: exiting
2023/04/29 10:21:45 [notice] 31#31: exiting
2023/04/29 10:21:45 [notice] 33#33: exiting
2023/04/29 10:21:45 [notice] 32#32: exit
2023/04/29 10:21:45 [notice] 30#30: exit
2023/04/29 10:21:45 [notice] 29#29: exit
2023/04/29 10:21:45 [notice] 33#33: exit
2023/04/29 10:21:45 [notice] 31#31: exit
2023/04/29 10:21:45 [notice] 34#34: gracefully shutting down
2023/04/29 10:21:45 [notice] 36#36: gracefully shutting down
2023/04/29 10:21:45 [notice] 35#35: gracefully shutting down
2023/04/29 10:21:45 [notice] 34#34: exiting
2023/04/29 10:21:45 [notice] 36#36: exiting
2023/04/29 10:21:45 [notice] 35#35: exiting
2023/04/29 10:21:45 [notice] 36#36: exit
2023/04/29 10:21:45 [notice] 34#34: exit
2023/04/29 10:21:45 [notice] 35#35: exit
2023/04/29 10:21:45 [notice] 1#1: signal 17 (SIGCHLD) received from 31
2023/04/29 10:21:45 [notice] 1#1: worker process 31 exited with code 0
2023/04/29 10:21:45 [notice] 1#1: worker process 36 exited with code 0
2023/04/29 10:21:45 [notice] 1#1: signal 29 (SIGIO) received
2023/04/29 10:21:45 [notice] 1#1: signal 17 (SIGCHLD) received from 32
2023/04/29 10:21:45 [notice] 1#1: worker process 32 exited with code 0
2023/04/29 10:21:45 [notice] 1#1: signal 29 (SIGIO) received
2023/04/29 10:21:45 [notice] 1#1: signal 17 (SIGCHLD) received from 35
2023/04/29 10:21:45 [notice] 1#1: worker process 35 exited with code 0
2023/04/29 10:21:45 [notice] 1#1: signal 29 (SIGIO) received
2023/04/29 10:21:45 [notice] 1#1: signal 17 (SIGCHLD) received from 33
2023/04/29 10:21:45 [notice] 1#1: worker process 33 exited with code 0
2023/04/29 10:21:45 [notice] 1#1: worker process 30 exited with code 0
2023/04/29 10:21:45 [notice] 1#1: worker process 34 exited with code 0
2023/04/29 10:21:45 [notice] 1#1: signal 17 (SIGCHLD) received from 34
2023/04/29 10:21:45 [notice] 1#1: worker process 29 exited with code 0
2023/04/29 10:21:45 [notice] 1#1: exit
2023/04/29 10:22:15 [notice] 1#1: using the "epoll" event method
2023/04/29 10:22:15 [notice] 1#1: nginx/1.23.4
2023/04/29 10:22:15 [notice] 1#1: built by gcc 12.2.1 20220924 (Alpine 12.2.1_git20220924-r4) 
2023/04/29 10:22:15 [notice] 1#1: OS: Linux 5.8.0-55-generic
2023/04/29 10:22:15 [notice] 1#1: getrlimit(RLIMIT_NOFILE): 1048576:1048576
2023/04/29 10:22:15 [notice] 1#1: start worker processes
2023/04/29 10:22:15 [notice] 1#1: start worker process 28
2023/04/29 10:22:15 [notice] 1#1: start worker process 29
2023/04/29 10:22:15 [notice] 1#1: start worker process 30
2023/04/29 10:22:15 [notice] 1#1: start worker process 31
2023/04/29 10:22:15 [notice] 1#1: start worker process 32
2023/04/29 10:22:15 [notice] 1#1: start worker process 33
2023/04/29 10:22:15 [notice] 1#1: start worker process 34
2023/04/29 10:22:15 [notice] 1#1: start worker process 35
2023/04/29 10:26:50 [notice] 1#1: signal 3 (SIGQUIT) received, shutting down
2023/04/29 10:26:50 [notice] 30#30: gracefully shutting down
2023/04/29 10:26:50 [notice] 31#31: gracefully shutting down
2023/04/29 10:26:50 [notice] 29#29: gracefully shutting down
2023/04/29 10:26:50 [notice] 33#33: gracefully shutting down
2023/04/29 10:26:50 [notice] 34#34: gracefully shutting down
2023/04/29 10:26:50 [notice] 35#35: gracefully shutting down
2023/04/29 10:26:50 [notice] 32#32: gracefully shutting down
2023/04/29 10:26:50 [notice] 30#30: exiting
2023/04/29 10:26:50 [notice] 31#31: exiting
2023/04/29 10:26:50 [notice] 33#33: exiting
2023/04/29 10:26:50 [notice] 34#34: exiting
2023/04/29 10:26:50 [notice] 32#32: exiting
2023/04/29 10:26:50 [notice] 29#29: exiting
2023/04/29 10:26:50 [notice] 28#28: gracefully shutting down
2023/04/29 10:26:50 [notice] 35#35: exiting
2023/04/29 10:26:50 [notice] 28#28: exiting
2023/04/29 10:26:50 [notice] 31#31: exit
2023/04/29 10:26:50 [notice] 28#28: exit
2023/04/29 10:26:50 [notice] 30#30: exit
2023/04/29 10:26:50 [notice] 34#34: exit
2023/04/29 10:26:50 [notice] 33#33: exit
2023/04/29 10:26:50 [notice] 29#29: exit
2023/04/29 10:26:50 [notice] 32#32: exit
2023/04/29 10:26:50 [notice] 35#35: exit
2023/04/29 10:26:50 [notice] 1#1: signal 17 (SIGCHLD) received from 29
2023/04/29 10:26:50 [notice] 1#1: worker process 28 exited with code 0
2023/04/29 10:26:50 [notice] 1#1: worker process 29 exited with code 0
2023/04/29 10:26:50 [notice] 1#1: worker process 31 exited with code 0
2023/04/29 10:26:50 [notice] 1#1: worker process 32 exited with code 0
2023/04/29 10:26:50 [notice] 1#1: worker process 33 exited with code 0
2023/04/29 10:26:50 [notice] 1#1: worker process 34 exited with code 0
2023/04/29 10:26:50 [notice] 1#1: signal 29 (SIGIO) received
2023/04/29 10:26:50 [notice] 1#1: signal 17 (SIGCHLD) received from 28
2023/04/29 10:26:50 [notice] 1#1: signal 17 (SIGCHLD) received from 35
2023/04/29 10:26:50 [notice] 1#1: worker process 35 exited with code 0
2023/04/29 10:26:50 [notice] 1#1: signal 29 (SIGIO) received
2023/04/29 10:26:50 [notice] 1#1: signal 17 (SIGCHLD) received from 30
2023/04/29 10:26:50 [notice] 1#1: worker process 30 exited with code 0
2023/04/29 10:26:50 [notice] 1#1: exit
2023/04/29 10:27:58 [emerg] 1#1: host not found in upstream "php" in /etc/nginx/conf.d/default.conf:23
2023/04/29 10:28:59 [emerg] 1#1: host not found in upstream "php" in /etc/nginx/conf.d/default.conf:23
2023/04/29 10:30:31 [emerg] 1#1: host not found in upstream "php" in /etc/nginx/conf.d/default.conf:23
2023/04/29 13:37:32 [notice] 1#1: using the "epoll" event method
2023/04/29 13:37:32 [notice] 1#1: nginx/1.23.4
2023/04/29 13:37:32 [notice] 1#1: built by gcc 12.2.1 20220924 (Alpine 12.2.1_git20220924-r4) 
2023/04/29 13:37:32 [notice] 1#1: OS: Linux 5.8.0-55-generic
2023/04/29 13:37:32 [notice] 1#1: getrlimit(RLIMIT_NOFILE): 1048576:1048576
2023/04/29 13:37:32 [notice] 1#1: start worker processes
2023/04/29 13:37:32 [notice] 1#1: start worker process 29
2023/04/29 13:37:32 [notice] 1#1: start worker process 30
2023/04/29 13:37:32 [notice] 1#1: start worker process 31
2023/04/29 13:37:32 [notice] 1#1: start worker process 32
2023/04/29 13:37:32 [notice] 1#1: start worker process 33
2023/04/29 13:37:32 [notice] 1#1: start worker process 34
2023/04/29 13:37:32 [notice] 1#1: start worker process 35
2023/04/29 13:37:32 [notice] 1#1: start worker process 36
2023/04/29 13:38:58 [error] 29#29: *1 upstream timed out (110: Operation timed out) while reading response header from upstream, client: 172.26.0.1, server: , request: "GET / HTTP/1.1", upstream: "fastcgi://172.26.0.2:9000", host: "localhost:8000"
2023/04/29 13:59:31 [notice] 1#1: signal 3 (SIGQUIT) received, shutting down
2023/04/29 13:59:31 [notice] 29#29: gracefully shutting down
2023/04/29 13:59:31 [notice] 35#35: gracefully shutting down
2023/04/29 13:59:31 [notice] 29#29: exiting
2023/04/29 13:59:31 [notice] 31#31: gracefully shutting down
2023/04/29 13:59:31 [notice] 35#35: exiting
2023/04/29 13:59:31 [notice] 31#31: exiting
2023/04/29 13:59:31 [notice] 33#33: gracefully shutting down
2023/04/29 13:59:31 [notice] 33#33: exiting
2023/04/29 13:59:31 [notice] 30#30: gracefully shutting down
2023/04/29 13:59:31 [notice] 35#35: exit
2023/04/29 13:59:31 [notice] 29#29: exit
2023/04/29 13:59:31 [notice] 31#31: exit
2023/04/29 13:59:31 [notice] 30#30: exiting
2023/04/29 13:59:31 [notice] 33#33: exit
2023/04/29 13:59:31 [notice] 32#32: gracefully shutting down
2023/04/29 13:59:31 [notice] 32#32: exiting
2023/04/29 13:59:31 [notice] 30#30: exit
2023/04/29 13:59:31 [notice] 32#32: exit
2023/04/29 13:59:31 [notice] 34#34: gracefully shutting down
2023/04/29 13:59:31 [notice] 34#34: exiting
2023/04/29 13:59:31 [notice] 36#36: gracefully shutting down
2023/04/29 13:59:31 [notice] 36#36: exiting
2023/04/29 13:59:31 [notice] 34#34: exit
2023/04/29 13:59:31 [notice] 36#36: exit
2023/04/29 13:59:31 [notice] 1#1: signal 17 (SIGCHLD) received from 33
2023/04/29 13:59:31 [notice] 1#1: worker process 29 exited with code 0
2023/04/29 13:59:31 [notice] 1#1: worker process 33 exited with code 0
2023/04/29 13:59:31 [notice] 1#1: worker process 35 exited with code 0
2023/04/29 13:59:31 [notice] 1#1: signal 29 (SIGIO) received
2023/04/29 13:59:31 [notice] 1#1: signal 17 (SIGCHLD) received from 35
2023/04/29 13:59:31 [notice] 1#1: signal 17 (SIGCHLD) received from 34
2023/04/29 13:59:31 [notice] 1#1: worker process 30 exited with code 0
2023/04/29 13:59:31 [notice] 1#1: worker process 34 exited with code 0
2023/04/29 13:59:31 [notice] 1#1: signal 29 (SIGIO) received
2023/04/29 13:59:31 [notice] 1#1: signal 17 (SIGCHLD) received from 30
2023/04/29 13:59:31 [notice] 1#1: signal 17 (SIGCHLD) received from 31
2023/04/29 13:59:31 [notice] 1#1: worker process 31 exited with code 0
2023/04/29 13:59:31 [notice] 1#1: signal 29 (SIGIO) received
2023/04/29 13:59:31 [notice] 1#1: signal 17 (SIGCHLD) received from 36
2023/04/29 13:59:31 [notice] 1#1: worker process 36 exited with code 0
2023/04/29 13:59:31 [notice] 1#1: signal 17 (SIGCHLD) received from 32
2023/04/29 13:59:31 [notice] 1#1: worker process 32 exited with code 0
2023/04/29 13:59:31 [notice] 1#1: exit
2023/04/29 14:48:16 [notice] 1#1: using the "epoll" event method
2023/04/29 14:48:16 [notice] 1#1: nginx/1.23.4
2023/04/29 14:48:16 [notice] 1#1: built by gcc 12.2.1 20220924 (Alpine 12.2.1_git20220924-r4) 
2023/04/29 14:48:16 [notice] 1#1: OS: Linux 5.8.0-55-generic
2023/04/29 14:48:16 [notice] 1#1: getrlimit(RLIMIT_NOFILE): 1048576:1048576
2023/04/29 14:48:16 [notice] 1#1: start worker processes
2023/04/29 14:48:16 [notice] 1#1: start worker process 29
2023/04/29 14:48:16 [notice] 1#1: start worker process 30
2023/04/29 14:48:16 [notice] 1#1: start worker process 31
2023/04/29 14:48:16 [notice] 1#1: start worker process 32
2023/04/29 14:48:16 [notice] 1#1: start worker process 33
2023/04/29 14:48:16 [notice] 1#1: start worker process 34
2023/04/29 14:48:16 [notice] 1#1: start worker process 35
2023/04/29 14:48:16 [notice] 1#1: start worker process 36
2023/04/29 14:50:44 [notice] 1#1: signal 3 (SIGQUIT) received, shutting down
2023/04/29 14:50:44 [notice] 29#29: gracefully shutting down
2023/04/29 14:50:44 [notice] 29#29: exiting
2023/04/29 14:50:44 [notice] 30#30: gracefully shutting down
2023/04/29 14:50:44 [notice] 35#35: gracefully shutting down
2023/04/29 14:50:44 [notice] 30#30: exiting
2023/04/29 14:50:44 [notice] 33#33: gracefully shutting down
2023/04/29 14:50:44 [notice] 31#31: gracefully shutting down
2023/04/29 14:50:44 [notice] 35#35: exiting
2023/04/29 14:50:44 [notice] 31#31: exiting
2023/04/29 14:50:44 [notice] 33#33: exiting
2023/04/29 14:50:44 [notice] 29#29: exit
2023/04/29 14:50:44 [notice] 30#30: exit
2023/04/29 14:50:44 [notice] 35#35: exit
2023/04/29 14:50:44 [notice] 31#31: exit
2023/04/29 14:50:44 [notice] 33#33: exit
2023/04/29 14:50:44 [notice] 32#32: gracefully shutting down
2023/04/29 14:50:44 [notice] 34#34: gracefully shutting down
2023/04/29 14:50:44 [notice] 32#32: exiting
2023/04/29 14:50:44 [notice] 34#34: exiting
2023/04/29 14:50:44 [notice] 36#36: gracefully shutting down
2023/04/29 14:50:44 [notice] 36#36: exiting
2023/04/29 14:50:44 [notice] 34#34: exit
2023/04/29 14:50:44 [notice] 32#32: exit
2023/04/29 14:50:44 [notice] 36#36: exit
2023/04/29 14:50:44 [notice] 1#1: signal 17 (SIGCHLD) received from 35
2023/04/29 14:50:44 [notice] 1#1: worker process 35 exited with code 0
2023/04/29 14:50:44 [notice] 1#1: signal 29 (SIGIO) received
2023/04/29 14:50:44 [notice] 1#1: signal 17 (SIGCHLD) received from 29
2023/04/29 14:50:44 [notice] 1#1: worker process 29 exited with code 0
2023/04/29 14:50:44 [notice] 1#1: worker process 32 exited with code 0
2023/04/29 14:50:44 [notice] 1#1: signal 29 (SIGIO) received
2023/04/29 14:50:44 [notice] 1#1: signal 17 (SIGCHLD) received from 32
2023/04/29 14:50:44 [notice] 1#1: signal 17 (SIGCHLD) received from 34
2023/04/29 14:50:44 [notice] 1#1: worker process 30 exited with code 0
2023/04/29 14:50:44 [notice] 1#1: worker process 33 exited with code 0
2023/04/29 14:50:44 [notice] 1#1: worker process 34 exited with code 0
2023/04/29 14:50:44 [notice] 1#1: signal 29 (SIGIO) received
2023/04/29 14:50:44 [notice] 1#1: signal 17 (SIGCHLD) received from 33
2023/04/29 14:50:44 [notice] 1#1: worker process 31 exited with code 0
2023/04/29 14:50:44 [notice] 1#1: signal 29 (SIGIO) received
2023/04/29 14:50:44 [notice] 1#1: signal 17 (SIGCHLD) received from 31
2023/04/29 14:50:44 [notice] 1#1: signal 17 (SIGCHLD) received from 36
2023/04/29 14:50:44 [notice] 1#1: worker process 36 exited with code 0
2023/04/29 14:50:44 [notice] 1#1: exit
2023/04/29 14:50:56 [notice] 1#1: using the "epoll" event method
2023/04/29 14:50:56 [notice] 1#1: nginx/1.23.4
2023/04/29 14:50:56 [notice] 1#1: built by gcc 12.2.1 20220924 (Alpine 12.2.1_git20220924-r4) 
2023/04/29 14:50:56 [notice] 1#1: OS: Linux 5.8.0-55-generic
2023/04/29 14:50:56 [notice] 1#1: getrlimit(RLIMIT_NOFILE): 1048576:1048576
2023/04/29 14:50:56 [notice] 1#1: start worker processes
2023/04/29 14:50:56 [notice] 1#1: start worker process 29
2023/04/29 14:50:56 [notice] 1#1: start worker process 30
2023/04/29 14:50:56 [notice] 1#1: start worker process 31
2023/04/29 14:50:56 [notice] 1#1: start worker process 32
2023/04/29 14:50:56 [notice] 1#1: start worker process 33
2023/04/29 14:50:56 [notice] 1#1: start worker process 34
2023/04/29 14:50:56 [notice] 1#1: start worker process 35
2023/04/29 14:50:56 [notice] 1#1: start worker process 36
2023/04/29 14:52:07 [error] 30#30: *1 upstream timed out (110: Operation timed out) while reading response header from upstream, client: 172.30.0.1, server: , request: "GET / HTTP/1.1", upstream: "fastcgi://172.30.0.2:9000", host: "localhost:8000"
2023/04/29 14:59:52 [notice] 1#1: signal 3 (SIGQUIT) received, shutting down
2023/04/29 14:59:52 [notice] 30#30: gracefully shutting down
2023/04/29 14:59:52 [notice] 29#29: gracefully shutting down
2023/04/29 14:59:52 [notice] 31#31: gracefully shutting down
2023/04/29 14:59:52 [notice] 33#33: gracefully shutting down
2023/04/29 14:59:52 [notice] 32#32: gracefully shutting down
2023/04/29 14:59:52 [notice] 36#36: gracefully shutting down
2023/04/29 14:59:52 [notice] 30#30: exiting
2023/04/29 14:59:52 [notice] 34#34: gracefully shutting down
2023/04/29 14:59:52 [notice] 29#29: exiting
2023/04/29 14:59:52 [notice] 31#31: exiting
2023/04/29 14:59:52 [notice] 33#33: exiting
2023/04/29 14:59:52 [notice] 32#32: exiting
2023/04/29 14:59:52 [notice] 36#36: exiting
2023/04/29 14:59:52 [notice] 34#34: exiting
2023/04/29 14:59:52 [notice] 31#31: exit
2023/04/29 14:59:52 [notice] 36#36: exit
2023/04/29 14:59:52 [notice] 33#33: exit
2023/04/29 14:59:52 [notice] 32#32: exit
2023/04/29 14:59:52 [notice] 30#30: exit
2023/04/29 14:59:52 [notice] 34#34: exit
2023/04/29 14:59:52 [notice] 29#29: exit
2023/04/29 14:59:52 [notice] 35#35: gracefully shutting down
2023/04/29 14:59:52 [notice] 35#35: exiting
2023/04/29 14:59:52 [notice] 35#35: exit
2023/04/29 14:59:52 [notice] 1#1: signal 17 (SIGCHLD) received from 31
2023/04/29 14:59:52 [notice] 1#1: worker process 30 exited with code 0
2023/04/29 14:59:52 [notice] 1#1: worker process 31 exited with code 0
2023/04/29 14:59:52 [notice] 1#1: signal 29 (SIGIO) received
2023/04/29 14:59:52 [notice] 1#1: signal 17 (SIGCHLD) received from 35
2023/04/29 14:59:52 [notice] 1#1: worker process 35 exited with code 0
2023/04/29 14:59:52 [notice] 1#1: signal 29 (SIGIO) received
2023/04/29 14:59:52 [notice] 1#1: signal 17 (SIGCHLD) received from 36
2023/04/29 14:59:52 [notice] 1#1: worker process 32 exited with code 0
2023/04/29 14:59:52 [notice] 1#1: worker process 29 exited with code 0
2023/04/29 14:59:52 [notice] 1#1: worker process 33 exited with code 0
2023/04/29 14:59:52 [notice] 1#1: worker process 34 exited with code 0
2023/04/29 14:59:52 [notice] 1#1: worker process 36 exited with code 0
2023/04/29 14:59:52 [notice] 1#1: exit
2023/04/29 15:00:10 [emerg] 1#1: invalid number of arguments in "fastcgi_index" directive in /etc/nginx/conf.d/default.conf:25
2023/04/29 15:01:03 [notice] 1#1: using the "epoll" event method
2023/04/29 15:01:03 [notice] 1#1: nginx/1.23.4
2023/04/29 15:01:03 [notice] 1#1: built by gcc 12.2.1 20220924 (Alpine 12.2.1_git20220924-r4) 
2023/04/29 15:01:03 [notice] 1#1: OS: Linux 5.8.0-55-generic
2023/04/29 15:01:03 [notice] 1#1: getrlimit(RLIMIT_NOFILE): 1048576:1048576
2023/04/29 15:01:03 [notice] 1#1: start worker processes
2023/04/29 15:01:03 [notice] 1#1: start worker process 29
2023/04/29 15:01:03 [notice] 1#1: start worker process 30
2023/04/29 15:01:03 [notice] 1#1: start worker process 31
2023/04/29 15:01:03 [notice] 1#1: start worker process 32
2023/04/29 15:01:03 [notice] 1#1: start worker process 33
2023/04/29 15:01:03 [notice] 1#1: start worker process 34
2023/04/29 15:01:03 [notice] 1#1: start worker process 35
2023/04/29 15:01:03 [notice] 1#1: start worker process 36
2023/04/29 15:02:15 [error] 29#29: *1 upstream timed out (110: Operation timed out) while reading response header from upstream, client: 192.168.16.1, server: , request: "GET / HTTP/1.1", upstream: "fastcgi://192.168.16.2:9000", host: "localhost:8000"
2023/04/29 15:05:59 [notice] 1#1: signal 3 (SIGQUIT) received, shutting down
2023/04/29 15:05:59 [notice] 29#29: gracefully shutting down
2023/04/29 15:05:59 [notice] 32#32: gracefully shutting down
2023/04/29 15:05:59 [notice] 33#33: gracefully shutting down
2023/04/29 15:05:59 [notice] 30#30: gracefully shutting down
2023/04/29 15:05:59 [notice] 31#31: gracefully shutting down
2023/04/29 15:05:59 [notice] 29#29: exiting
2023/04/29 15:05:59 [notice] 34#34: gracefully shutting down
2023/04/29 15:05:59 [notice] 32#32: exiting
2023/04/29 15:05:59 [notice] 33#33: exiting
2023/04/29 15:05:59 [notice] 30#30: exiting
2023/04/29 15:05:59 [notice] 31#31: exiting
2023/04/29 15:05:59 [notice] 34#34: exiting
2023/04/29 15:05:59 [notice] 33#33: exit
2023/04/29 15:05:59 [notice] 34#34: exit
2023/04/29 15:05:59 [notice] 29#29: exit
2023/04/29 15:05:59 [notice] 30#30: exit
2023/04/29 15:05:59 [notice] 32#32: exit
2023/04/29 15:05:59 [notice] 31#31: exit
2023/04/29 15:05:59 [notice] 36#36: gracefully shutting down
2023/04/29 15:05:59 [notice] 36#36: exiting
2023/04/29 15:05:59 [notice] 36#36: exit
2023/04/29 15:05:59 [notice] 35#35: gracefully shutting down
2023/04/29 15:05:59 [notice] 35#35: exiting
2023/04/29 15:05:59 [notice] 35#35: exit
2023/04/29 15:05:59 [notice] 1#1: signal 17 (SIGCHLD) received from 31
2023/04/29 15:05:59 [notice] 1#1: worker process 29 exited with code 0
2023/04/29 15:05:59 [notice] 1#1: worker process 31 exited with code 0
2023/04/29 15:05:59 [notice] 1#1: worker process 33 exited with code 0
2023/04/29 15:05:59 [notice] 1#1: signal 29 (SIGIO) received
2023/04/29 15:05:59 [notice] 1#1: signal 17 (SIGCHLD) received from 35
2023/04/29 15:05:59 [notice] 1#1: worker process 35 exited with code 0
2023/04/29 15:05:59 [notice] 1#1: signal 29 (SIGIO) received
2023/04/29 15:05:59 [notice] 1#1: signal 17 (SIGCHLD) received from 34
2023/04/29 15:05:59 [notice] 1#1: worker process 32 exited with code 0
2023/04/29 15:05:59 [notice] 1#1: worker process 30 exited with code 0
2023/04/29 15:05:59 [notice] 1#1: worker process 34 exited with code 0
2023/04/29 15:05:59 [notice] 1#1: worker process 36 exited with code 0
2023/04/29 15:05:59 [notice] 1#1: exit
2023/04/29 15:06:18 [notice] 1#1: using the "epoll" event method
2023/04/29 15:06:18 [notice] 1#1: nginx/1.23.4
2023/04/29 15:06:18 [notice] 1#1: built by gcc 12.2.1 20220924 (Alpine 12.2.1_git20220924-r4) 
2023/04/29 15:06:18 [notice] 1#1: OS: Linux 5.8.0-55-generic
2023/04/29 15:06:18 [notice] 1#1: getrlimit(RLIMIT_NOFILE): 1048576:1048576
2023/04/29 15:06:18 [notice] 1#1: start worker processes
2023/04/29 15:06:18 [notice] 1#1: start worker process 29
2023/04/29 15:06:18 [notice] 1#1: start worker process 30
2023/04/29 15:06:18 [notice] 1#1: start worker process 31
2023/04/29 15:06:18 [notice] 1#1: start worker process 32
2023/04/29 15:06:18 [notice] 1#1: start worker process 33
2023/04/29 15:06:18 [notice] 1#1: start worker process 34
2023/04/29 15:06:18 [notice] 1#1: start worker process 35
2023/04/29 15:06:18 [notice] 1#1: start worker process 36
2023/04/29 15:15:07 [notice] 1#1: signal 3 (SIGQUIT) received, shutting down
2023/04/29 15:15:07 [notice] 29#29: gracefully shutting down
2023/04/29 15:15:07 [notice] 36#36: gracefully shutting down
2023/04/29 15:15:07 [notice] 36#36: exiting
2023/04/29 15:15:07 [notice] 35#35: gracefully shutting down
2023/04/29 15:15:07 [notice] 35#35: exiting
2023/04/29 15:15:07 [notice] 30#30: gracefully shutting down
2023/04/29 15:15:07 [notice] 32#32: gracefully shutting down
2023/04/29 15:15:07 [notice] 31#31: gracefully shutting down
2023/04/29 15:15:07 [notice] 33#33: gracefully shutting down
2023/04/29 15:15:07 [notice] 34#34: gracefully shutting down
2023/04/29 15:15:07 [notice] 34#34: exiting
2023/04/29 15:15:07 [notice] 36#36: exit
2023/04/29 15:15:07 [notice] 35#35: exit
2023/04/29 15:15:07 [notice] 34#34: exit
2023/04/29 15:15:07 [notice] 33#33: exiting
2023/04/29 15:15:07 [notice] 33#33: exit
2023/04/29 15:15:07 [notice] 32#32: exiting
2023/04/29 15:15:07 [notice] 32#32: exit
2023/04/29 15:15:07 [notice] 29#29: exiting
2023/04/29 15:15:07 [notice] 30#30: exiting
2023/04/29 15:15:07 [notice] 29#29: exit
2023/04/29 15:15:07 [notice] 30#30: exit
2023/04/29 15:15:07 [notice] 31#31: exiting
2023/04/29 15:15:07 [notice] 31#31: exit
2023/04/29 15:15:07 [notice] 1#1: signal 17 (SIGCHLD) received from 33
2023/04/29 15:15:07 [notice] 1#1: worker process 33 exited with code 0
2023/04/29 15:15:07 [notice] 1#1: worker process 34 exited with code 0
2023/04/29 15:15:07 [notice] 1#1: signal 29 (SIGIO) received
2023/04/29 15:15:07 [notice] 1#1: signal 17 (SIGCHLD) received from 29
2023/04/29 15:15:07 [notice] 1#1: worker process 29 exited with code 0
2023/04/29 15:15:07 [notice] 1#1: signal 29 (SIGIO) received
2023/04/29 15:15:07 [notice] 1#1: signal 17 (SIGCHLD) received from 30
2023/04/29 15:15:07 [notice] 1#1: worker process 30 exited with code 0
2023/04/29 15:15:07 [notice] 1#1: worker process 31 exited with code 0
2023/04/29 15:15:07 [notice] 1#1: worker process 32 exited with code 0
2023/04/29 15:15:07 [notice] 1#1: worker process 35 exited with code 0
2023/04/29 15:15:07 [notice] 1#1: worker process 36 exited with code 0
2023/04/29 15:15:07 [notice] 1#1: exit
2023/04/29 15:16:47 [notice] 1#1: using the "epoll" event method
2023/04/29 15:16:47 [notice] 1#1: nginx/1.23.4
2023/04/29 15:16:47 [notice] 1#1: built by gcc 12.2.1 20220924 (Alpine 12.2.1_git20220924-r4) 
2023/04/29 15:16:47 [notice] 1#1: OS: Linux 5.8.0-55-generic
2023/04/29 15:16:47 [notice] 1#1: getrlimit(RLIMIT_NOFILE): 1048576:1048576
2023/04/29 15:16:47 [notice] 1#1: start worker processes
2023/04/29 15:16:47 [notice] 1#1: start worker process 29
2023/04/29 15:16:47 [notice] 1#1: start worker process 30
2023/04/29 15:16:47 [notice] 1#1: start worker process 31
2023/04/29 15:16:47 [notice] 1#1: start worker process 32
2023/04/29 15:16:47 [notice] 1#1: start worker process 33
2023/04/29 15:16:47 [notice] 1#1: start worker process 34
2023/04/29 15:16:47 [notice] 1#1: start worker process 35
2023/04/29 15:16:47 [notice] 1#1: start worker process 36
2023/04/29 15:20:09 [notice] 1#1: signal 3 (SIGQUIT) received, shutting down
2023/04/29 15:20:09 [notice] 31#31: gracefully shutting down
2023/04/29 15:20:09 [notice] 31#31: exiting
2023/04/29 15:20:09 [notice] 31#31: exit
2023/04/29 15:20:09 [notice] 33#33: gracefully shutting down
2023/04/29 15:20:09 [notice] 36#36: gracefully shutting down
2023/04/29 15:20:09 [notice] 33#33: exiting
2023/04/29 15:20:09 [notice] 32#32: gracefully shutting down
2023/04/29 15:20:09 [notice] 32#32: exiting
2023/04/29 15:20:09 [notice] 33#33: exit
2023/04/29 15:20:09 [notice] 36#36: exiting
2023/04/29 15:20:09 [notice] 35#35: gracefully shutting down
2023/04/29 15:20:09 [notice] 35#35: exiting
2023/04/29 15:20:09 [notice] 36#36: exit
2023/04/29 15:20:09 [notice] 35#35: exit
2023/04/29 15:20:09 [notice] 32#32: exit
2023/04/29 15:20:09 [notice] 34#34: gracefully shutting down
2023/04/29 15:20:09 [notice] 34#34: exiting
2023/04/29 15:20:09 [notice] 34#34: exit
2023/04/29 15:20:09 [notice] 30#30: gracefully shutting down
2023/04/29 15:20:09 [notice] 30#30: exiting
2023/04/29 15:20:09 [notice] 30#30: exit
2023/04/29 15:20:09 [notice] 29#29: gracefully shutting down
2023/04/29 15:20:09 [notice] 29#29: exiting
2023/04/29 15:20:09 [notice] 29#29: exit
2023/04/29 15:20:09 [notice] 1#1: signal 17 (SIGCHLD) received from 31
2023/04/29 15:20:09 [notice] 1#1: worker process 30 exited with code 0
2023/04/29 15:20:09 [notice] 1#1: worker process 31 exited with code 0
2023/04/29 15:20:09 [notice] 1#1: worker process 32 exited with code 0
2023/04/29 15:20:09 [notice] 1#1: worker process 33 exited with code 0
2023/04/29 15:20:09 [notice] 1#1: signal 29 (SIGIO) received
2023/04/29 15:20:09 [notice] 1#1: signal 17 (SIGCHLD) received from 30
2023/04/29 15:20:09 [notice] 1#1: worker process 34 exited with code 0
2023/04/29 15:20:09 [notice] 1#1: worker process 35 exited with code 0
2023/04/29 15:20:09 [notice] 1#1: worker process 36 exited with code 0
2023/04/29 15:20:09 [notice] 1#1: signal 29 (SIGIO) received
2023/04/29 15:20:09 [notice] 1#1: signal 17 (SIGCHLD) received from 29
2023/04/29 15:20:09 [notice] 1#1: worker process 29 exited with code 0
2023/04/29 15:20:09 [notice] 1#1: exit
2023/04/29 15:20:16 [notice] 1#1: using the "epoll" event method
2023/04/29 15:20:16 [notice] 1#1: nginx/1.23.4
2023/04/29 15:20:16 [notice] 1#1: built by gcc 12.2.1 20220924 (Alpine 12.2.1_git20220924-r4) 
2023/04/29 15:20:16 [notice] 1#1: OS: Linux 5.8.0-55-generic
2023/04/29 15:20:16 [notice] 1#1: getrlimit(RLIMIT_NOFILE): 1048576:1048576
2023/04/29 15:20:16 [notice] 1#1: start worker processes
2023/04/29 15:20:16 [notice] 1#1: start worker process 29
2023/04/29 15:20:16 [notice] 1#1: start worker process 30
2023/04/29 15:20:16 [notice] 1#1: start worker process 31
2023/04/29 15:20:16 [notice] 1#1: start worker process 32
2023/04/29 15:20:16 [notice] 1#1: start worker process 33
2023/04/29 15:20:16 [notice] 1#1: start worker process 34
2023/04/29 15:20:16 [notice] 1#1: start worker process 35
2023/04/29 15:20:16 [notice] 1#1: start worker process 36
2023/04/29 15:34:03 [notice] 1#1: signal 3 (SIGQUIT) received, shutting down
2023/04/29 15:34:03 [notice] 30#30: gracefully shutting down
2023/04/29 15:34:03 [notice] 32#32: gracefully shutting down
2023/04/29 15:34:03 [notice] 31#31: gracefully shutting down
2023/04/29 15:34:03 [notice] 35#35: gracefully shutting down
2023/04/29 15:34:03 [notice] 33#33: gracefully shutting down
2023/04/29 15:34:03 [notice] 34#34: gracefully shutting down
2023/04/29 15:34:03 [notice] 36#36: gracefully shutting down
2023/04/29 15:34:03 [notice] 29#29: gracefully shutting down
2023/04/29 15:34:03 [notice] 30#30: exiting
2023/04/29 15:34:03 [notice] 31#31: exiting
2023/04/29 15:34:03 [notice] 36#36: exiting
2023/04/29 15:34:03 [notice] 33#33: exiting
2023/04/29 15:34:03 [notice] 34#34: exiting
2023/04/29 15:34:03 [notice] 35#35: exiting
2023/04/29 15:34:03 [notice] 32#32: exiting
2023/04/29 15:34:03 [notice] 34#34: exit
2023/04/29 15:34:03 [notice] 36#36: exit
2023/04/29 15:34:03 [notice] 30#30: exit
2023/04/29 15:34:03 [notice] 31#31: exit
2023/04/29 15:34:03 [notice] 35#35: exit
2023/04/29 15:34:03 [notice] 33#33: exit
2023/04/29 15:34:03 [notice] 32#32: exit
2023/04/29 15:34:03 [notice] 29#29: exiting
2023/04/29 15:34:03 [notice] 29#29: exit
2023/04/29 15:34:04 [notice] 1#1: signal 17 (SIGCHLD) received from 30
2023/04/29 15:34:04 [notice] 1#1: worker process 29 exited with code 0
2023/04/29 15:34:04 [notice] 1#1: worker process 30 exited with code 0
2023/04/29 15:34:04 [notice] 1#1: worker process 35 exited with code 0
2023/04/29 15:34:04 [notice] 1#1: signal 29 (SIGIO) received
2023/04/29 15:34:04 [notice] 1#1: signal 17 (SIGCHLD) received from 34
2023/04/29 15:34:04 [notice] 1#1: worker process 33 exited with code 0
2023/04/29 15:34:04 [notice] 1#1: worker process 34 exited with code 0
2023/04/29 15:34:04 [notice] 1#1: worker process 36 exited with code 0
2023/04/29 15:34:04 [notice] 1#1: signal 29 (SIGIO) received
2023/04/29 15:34:04 [notice] 1#1: signal 17 (SIGCHLD) received from 33
2023/04/29 15:34:04 [notice] 1#1: signal 17 (SIGCHLD) received from 31
2023/04/29 15:34:04 [notice] 1#1: worker process 31 exited with code 0
2023/04/29 15:34:04 [notice] 1#1: signal 29 (SIGIO) received
2023/04/29 15:34:04 [notice] 1#1: signal 17 (SIGCHLD) received from 32
2023/04/29 15:34:04 [notice] 1#1: worker process 32 exited with code 0
2023/04/29 15:34:04 [notice] 1#1: exit
2023/04/29 15:34:10 [notice] 1#1: using the "epoll" event method
2023/04/29 15:34:10 [notice] 1#1: nginx/1.23.4
2023/04/29 15:34:10 [notice] 1#1: built by gcc 12.2.1 20220924 (Alpine 12.2.1_git20220924-r4) 
2023/04/29 15:34:10 [notice] 1#1: OS: Linux 5.8.0-55-generic
2023/04/29 15:34:10 [notice] 1#1: getrlimit(RLIMIT_NOFILE): 1048576:1048576
2023/04/29 15:34:10 [notice] 1#1: start worker processes
2023/04/29 15:34:10 [notice] 1#1: start worker process 29
2023/04/29 15:34:10 [notice] 1#1: start worker process 30
2023/04/29 15:34:10 [notice] 1#1: start worker process 31
2023/04/29 15:34:10 [notice] 1#1: start worker process 32
2023/04/29 15:34:10 [notice] 1#1: start worker process 33
2023/04/29 15:34:10 [notice] 1#1: start worker process 34
2023/04/29 15:34:10 [notice] 1#1: start worker process 35
2023/04/29 15:34:10 [notice] 1#1: start worker process 36
2023/04/29 16:16:36 [notice] 1#1: signal 3 (SIGQUIT) received, shutting down
2023/04/29 16:16:36 [notice] 29#29: gracefully shutting down
2023/04/29 16:16:36 [notice] 31#31: gracefully shutting down
2023/04/29 16:16:36 [notice] 31#31: exiting
2023/04/29 16:16:36 [notice] 34#34: gracefully shutting down
2023/04/29 16:16:36 [notice] 33#33: gracefully shutting down
2023/04/29 16:16:36 [notice] 34#34: exiting
2023/04/29 16:16:36 [notice] 35#35: gracefully shutting down
2023/04/29 16:16:36 [notice] 33#33: exiting
2023/04/29 16:16:36 [notice] 30#30: gracefully shutting down
2023/04/29 16:16:36 [notice] 35#35: exiting
2023/04/29 16:16:36 [notice] 29#29: exiting
2023/04/29 16:16:36 [notice] 36#36: gracefully shutting down
2023/04/29 16:16:36 [notice] 36#36: exiting
2023/04/29 16:16:36 [notice] 32#32: gracefully shutting down
2023/04/29 16:16:36 [notice] 32#32: exiting
2023/04/29 16:16:36 [notice] 30#30: exiting
2023/04/29 16:16:36 [notice] 35#35: exit
2023/04/29 16:16:36 [notice] 36#36: exit
2023/04/29 16:16:36 [notice] 33#33: exit
2023/04/29 16:16:36 [notice] 34#34: exit
2023/04/29 16:16:36 [notice] 32#32: exit
2023/04/29 16:16:36 [notice] 29#29: exit
2023/04/29 16:16:36 [notice] 31#31: exit
2023/04/29 16:16:36 [notice] 30#30: exit
2023/04/29 16:16:36 [notice] 1#1: signal 17 (SIGCHLD) received from 36
2023/04/29 16:16:36 [notice] 1#1: worker process 29 exited with code 0
2023/04/29 16:16:36 [notice] 1#1: worker process 36 exited with code 0
2023/04/29 16:16:36 [notice] 1#1: signal 29 (SIGIO) received
2023/04/29 16:16:36 [notice] 1#1: signal 17 (SIGCHLD) received from 29
2023/04/29 16:16:36 [notice] 1#1: signal 17 (SIGCHLD) received from 33
2023/04/29 16:16:36 [notice] 1#1: worker process 33 exited with code 0
2023/04/29 16:16:36 [notice] 1#1: signal 29 (SIGIO) received
2023/04/29 16:16:36 [notice] 1#1: signal 17 (SIGCHLD) received from 34
2023/04/29 16:16:36 [notice] 1#1: worker process 30 exited with code 0
2023/04/29 16:16:36 [notice] 1#1: worker process 32 exited with code 0
2023/04/29 16:16:36 [notice] 1#1: worker process 34 exited with code 0
2023/04/29 16:16:36 [notice] 1#1: worker process 35 exited with code 0
2023/04/29 16:16:36 [notice] 1#1: signal 29 (SIGIO) received
2023/04/29 16:16:36 [notice] 1#1: signal 17 (SIGCHLD) received from 35
2023/04/29 16:16:36 [notice] 1#1: signal 17 (SIGCHLD) received from 31
2023/04/29 16:16:36 [notice] 1#1: worker process 31 exited with code 0
2023/04/29 16:16:36 [notice] 1#1: exit
2023/04/29 16:16:41 [notice] 1#1: using the "epoll" event method
2023/04/29 16:16:41 [notice] 1#1: nginx/1.23.4
2023/04/29 16:16:41 [notice] 1#1: built by gcc 12.2.1 20220924 (Alpine 12.2.1_git20220924-r4) 
2023/04/29 16:16:41 [notice] 1#1: OS: Linux 5.8.0-55-generic
2023/04/29 16:16:41 [notice] 1#1: getrlimit(RLIMIT_NOFILE): 1048576:1048576
2023/04/29 16:16:41 [notice] 1#1: start worker processes
2023/04/29 16:16:41 [notice] 1#1: start worker process 29
2023/04/29 16:16:41 [notice] 1#1: start worker process 30
2023/04/29 16:16:41 [notice] 1#1: start worker process 31
2023/04/29 16:16:41 [notice] 1#1: start worker process 32
2023/04/29 16:16:41 [notice] 1#1: start worker process 33
2023/04/29 16:16:41 [notice] 1#1: start worker process 34
2023/04/29 16:16:41 [notice] 1#1: start worker process 35
2023/04/29 16:16:41 [notice] 1#1: start worker process 36
2023/04/29 16:20:43 [notice] 1#1: signal 3 (SIGQUIT) received, shutting down
2023/04/29 16:20:43 [notice] 29#29: gracefully shutting down
2023/04/29 16:20:43 [notice] 33#33: gracefully shutting down
2023/04/29 16:20:43 [notice] 31#31: gracefully shutting down
2023/04/29 16:20:43 [notice] 30#30: gracefully shutting down
2023/04/29 16:20:43 [notice] 33#33: exiting
2023/04/29 16:20:43 [notice] 36#36: gracefully shutting down
2023/04/29 16:20:43 [notice] 35#35: gracefully shutting down
2023/04/29 16:20:43 [notice] 34#34: gracefully shutting down
2023/04/29 16:20:43 [notice] 32#32: gracefully shutting down
2023/04/29 16:20:43 [notice] 36#36: exiting
2023/04/29 16:20:43 [notice] 35#35: exiting
2023/04/29 16:20:43 [notice] 34#34: exiting
2023/04/29 16:20:43 [notice] 32#32: exiting
2023/04/29 16:20:43 [notice] 31#31: exiting
2023/04/29 16:20:43 [notice] 30#30: exiting
2023/04/29 16:20:43 [notice] 31#31: exit
2023/04/29 16:20:43 [notice] 35#35: exit
2023/04/29 16:20:43 [notice] 32#32: exit
2023/04/29 16:20:43 [notice] 33#33: exit
2023/04/29 16:20:43 [notice] 34#34: exit
2023/04/29 16:20:43 [notice] 30#30: exit
2023/04/29 16:20:43 [notice] 36#36: exit
2023/04/29 16:20:43 [notice] 29#29: exiting
2023/04/29 16:20:43 [notice] 29#29: exit
2023/04/29 16:20:44 [notice] 1#1: signal 17 (SIGCHLD) received from 36
2023/04/29 16:20:44 [notice] 1#1: worker process 34 exited with code 0
2023/04/29 16:20:44 [notice] 1#1: worker process 36 exited with code 0
2023/04/29 16:20:44 [notice] 1#1: signal 29 (SIGIO) received
2023/04/29 16:20:44 [notice] 1#1: signal 17 (SIGCHLD) received from 29
2023/04/29 16:20:44 [notice] 1#1: worker process 29 exited with code 0
2023/04/29 16:20:44 [notice] 1#1: worker process 33 exited with code 0
2023/04/29 16:20:44 [notice] 1#1: signal 29 (SIGIO) received
2023/04/29 16:20:44 [notice] 1#1: signal 17 (SIGCHLD) received from 35
2023/04/29 16:20:44 [notice] 1#1: worker process 35 exited with code 0
2023/04/29 16:20:44 [notice] 1#1: signal 29 (SIGIO) received
2023/04/29 16:20:44 [notice] 1#1: signal 17 (SIGCHLD) received from 32
2023/04/29 16:20:44 [notice] 1#1: worker process 32 exited with code 0
2023/04/29 16:20:44 [notice] 1#1: signal 29 (SIGIO) received
2023/04/29 16:20:44 [notice] 1#1: signal 17 (SIGCHLD) received from 30
2023/04/29 16:20:44 [notice] 1#1: worker process 30 exited with code 0
2023/04/29 16:20:44 [notice] 1#1: signal 29 (SIGIO) received
2023/04/29 16:20:44 [notice] 1#1: signal 17 (SIGCHLD) received from 31
2023/04/29 16:20:44 [notice] 1#1: worker process 31 exited with code 0
2023/04/29 16:20:44 [notice] 1#1: exit
2023/04/29 16:20:50 [notice] 1#1: using the "epoll" event method
2023/04/29 16:20:50 [notice] 1#1: nginx/1.23.4
2023/04/29 16:20:50 [notice] 1#1: built by gcc 12.2.1 20220924 (Alpine 12.2.1_git20220924-r4) 
2023/04/29 16:20:50 [notice] 1#1: OS: Linux 5.8.0-55-generic
2023/04/29 16:20:50 [notice] 1#1: getrlimit(RLIMIT_NOFILE): 1048576:1048576
2023/04/29 16:20:50 [notice] 1#1: start worker processes
2023/04/29 16:20:50 [notice] 1#1: start worker process 29
2023/04/29 16:20:50 [notice] 1#1: start worker process 30
2023/04/29 16:20:50 [notice] 1#1: start worker process 31
2023/04/29 16:20:50 [notice] 1#1: start worker process 32
2023/04/29 16:20:50 [notice] 1#1: start worker process 33
2023/04/29 16:20:50 [notice] 1#1: start worker process 34
2023/04/29 16:20:50 [notice] 1#1: start worker process 35
2023/04/29 16:20:50 [notice] 1#1: start worker process 36
2023/04/29 16:27:14 [notice] 1#1: signal 3 (SIGQUIT) received, shutting down
2023/04/29 16:27:14 [notice] 29#29: gracefully shutting down
2023/04/29 16:27:14 [notice] 33#33: gracefully shutting down
2023/04/29 16:27:14 [notice] 34#34: gracefully shutting down
2023/04/29 16:27:14 [notice] 35#35: gracefully shutting down
2023/04/29 16:27:14 [notice] 36#36: gracefully shutting down
2023/04/29 16:27:14 [notice] 33#33: exiting
2023/04/29 16:27:14 [notice] 34#34: exiting
2023/04/29 16:27:14 [notice] 35#35: exiting
2023/04/29 16:27:14 [notice] 36#36: exiting
2023/04/29 16:27:14 [notice] 29#29: exiting
2023/04/29 16:27:14 [notice] 32#32: gracefully shutting down
2023/04/29 16:27:14 [notice] 32#32: exiting
2023/04/29 16:27:14 [notice] 31#31: gracefully shutting down
2023/04/29 16:27:14 [notice] 31#31: exiting
2023/04/29 16:27:14 [notice] 30#30: gracefully shutting down
2023/04/29 16:27:14 [notice] 30#30: exiting
2023/04/29 16:27:14 [notice] 34#34: exit
2023/04/29 16:27:14 [notice] 36#36: exit
2023/04/29 16:27:14 [notice] 33#33: exit
2023/04/29 16:27:14 [notice] 32#32: exit
2023/04/29 16:27:14 [notice] 31#31: exit
2023/04/29 16:27:14 [notice] 29#29: exit
2023/04/29 16:27:14 [notice] 35#35: exit
2023/04/29 16:27:14 [notice] 30#30: exit
2023/04/29 16:27:14 [notice] 1#1: signal 17 (SIGCHLD) received from 30
2023/04/29 16:27:14 [notice] 1#1: worker process 29 exited with code 0
2023/04/29 16:27:14 [notice] 1#1: worker process 30 exited with code 0
2023/04/29 16:27:14 [notice] 1#1: worker process 32 exited with code 0
2023/04/29 16:27:14 [notice] 1#1: worker process 35 exited with code 0
2023/04/29 16:27:14 [notice] 1#1: signal 29 (SIGIO) received
2023/04/29 16:27:14 [notice] 1#1: signal 17 (SIGCHLD) received from 32
2023/04/29 16:27:14 [notice] 1#1: signal 17 (SIGCHLD) received from 34
2023/04/29 16:27:14 [notice] 1#1: worker process 34 exited with code 0
2023/04/29 16:27:14 [notice] 1#1: signal 29 (SIGIO) received
2023/04/29 16:27:14 [notice] 1#1: signal 17 (SIGCHLD) received from 31
2023/04/29 16:27:14 [notice] 1#1: worker process 31 exited with code 0
2023/04/29 16:27:14 [notice] 1#1: signal 29 (SIGIO) received
2023/04/29 16:27:14 [notice] 1#1: signal 17 (SIGCHLD) received from 33
2023/04/29 16:27:14 [notice] 1#1: worker process 33 exited with code 0
2023/04/29 16:27:14 [notice] 1#1: worker process 36 exited with code 0
2023/04/29 16:27:14 [notice] 1#1: exit
2023/04/29 16:27:34 [notice] 1#1: using the "epoll" event method
2023/04/29 16:27:34 [notice] 1#1: nginx/1.23.4
2023/04/29 16:27:34 [notice] 1#1: built by gcc 12.2.1 20220924 (Alpine 12.2.1_git20220924-r4) 
2023/04/29 16:27:34 [notice] 1#1: OS: Linux 5.8.0-55-generic
2023/04/29 16:27:34 [notice] 1#1: getrlimit(RLIMIT_NOFILE): 1048576:1048576
2023/04/29 16:27:34 [notice] 1#1: start worker processes
2023/04/29 16:27:34 [notice] 1#1: start worker process 29
2023/04/29 16:27:34 [notice] 1#1: start worker process 30
2023/04/29 16:27:34 [notice] 1#1: start worker process 31
2023/04/29 16:27:34 [notice] 1#1: start worker process 32
2023/04/29 16:27:34 [notice] 1#1: start worker process 33
2023/04/29 16:27:34 [notice] 1#1: start worker process 34
2023/04/29 16:27:34 [notice] 1#1: start worker process 35
2023/04/29 16:27:34 [notice] 1#1: start worker process 36
2023/04/29 16:48:26 [notice] 1#1: signal 3 (SIGQUIT) received, shutting down
2023/04/29 16:48:26 [notice] 30#30: gracefully shutting down
2023/04/29 16:48:26 [notice] 33#33: gracefully shutting down
2023/04/29 16:48:26 [notice] 33#33: exiting
2023/04/29 16:48:26 [notice] 34#34: gracefully shutting down
2023/04/29 16:48:26 [notice] 35#35: gracefully shutting down
2023/04/29 16:48:26 [notice] 34#34: exiting
2023/04/29 16:48:26 [notice] 35#35: exiting
2023/04/29 16:48:26 [notice] 36#36: gracefully shutting down
2023/04/29 16:48:26 [notice] 36#36: exiting
2023/04/29 16:48:26 [notice] 29#29: gracefully shutting down
2023/04/29 16:48:26 [notice] 32#32: gracefully shutting down
2023/04/29 16:48:26 [notice] 31#31: gracefully shutting down
2023/04/29 16:48:26 [notice] 32#32: exiting
2023/04/29 16:48:26 [notice] 35#35: exit
2023/04/29 16:48:26 [notice] 34#34: exit
2023/04/29 16:48:26 [notice] 32#32: exit
2023/04/29 16:48:26 [notice] 30#30: exiting
2023/04/29 16:48:26 [notice] 36#36: exit
2023/04/29 16:48:26 [notice] 33#33: exit
2023/04/29 16:48:26 [notice] 30#30: exit
2023/04/29 16:48:26 [notice] 31#31: exiting
2023/04/29 16:48:26 [notice] 29#29: exiting
2023/04/29 16:48:26 [notice] 31#31: exit
2023/04/29 16:48:26 [notice] 29#29: exit
2023/04/29 16:48:26 [notice] 1#1: signal 17 (SIGCHLD) received from 35
2023/04/29 16:48:26 [notice] 1#1: worker process 35 exited with code 0
2023/04/29 16:48:26 [notice] 1#1: worker process 36 exited with code 0
2023/04/29 16:48:26 [notice] 1#1: signal 29 (SIGIO) received
2023/04/29 16:48:26 [notice] 1#1: signal 17 (SIGCHLD) received from 34
2023/04/29 16:48:26 [notice] 1#1: worker process 34 exited with code 0
2023/04/29 16:48:26 [notice] 1#1: signal 29 (SIGIO) received
2023/04/29 16:48:26 [notice] 1#1: signal 17 (SIGCHLD) received from 33
2023/04/29 16:48:26 [notice] 1#1: worker process 33 exited with code 0
2023/04/29 16:48:26 [notice] 1#1: signal 29 (SIGIO) received
2023/04/29 16:48:26 [notice] 1#1: signal 17 (SIGCHLD) received from 32
2023/04/29 16:48:26 [notice] 1#1: worker process 32 exited with code 0
2023/04/29 16:48:26 [notice] 1#1: signal 29 (SIGIO) received
2023/04/29 16:48:26 [notice] 1#1: signal 17 (SIGCHLD) received from 29
2023/04/29 16:48:26 [notice] 1#1: worker process 29 exited with code 0
2023/04/29 16:48:26 [notice] 1#1: signal 29 (SIGIO) received
2023/04/29 16:48:26 [notice] 1#1: signal 17 (SIGCHLD) received from 30
2023/04/29 16:48:26 [notice] 1#1: worker process 30 exited with code 0
2023/04/29 16:48:26 [notice] 1#1: signal 29 (SIGIO) received
2023/04/29 16:48:26 [notice] 1#1: signal 17 (SIGCHLD) received from 31
2023/04/29 16:48:26 [notice] 1#1: worker process 31 exited with code 0
2023/04/29 16:48:26 [notice] 1#1: exit
2023/04/29 16:53:05 [notice] 1#1: using the "epoll" event method
2023/04/29 16:53:05 [notice] 1#1: nginx/1.23.4
2023/04/29 16:53:05 [notice] 1#1: built by gcc 12.2.1 20220924 (Alpine 12.2.1_git20220924-r4) 
2023/04/29 16:53:05 [notice] 1#1: OS: Linux 5.8.0-55-generic
2023/04/29 16:53:05 [notice] 1#1: getrlimit(RLIMIT_NOFILE): 1048576:1048576
2023/04/29 16:53:05 [notice] 1#1: start worker processes
2023/04/29 16:53:05 [notice] 1#1: start worker process 29
2023/04/29 16:53:05 [notice] 1#1: start worker process 30
2023/04/29 16:53:05 [notice] 1#1: start worker process 31
2023/04/29 16:53:05 [notice] 1#1: start worker process 32
2023/04/29 16:53:05 [notice] 1#1: start worker process 33
2023/04/29 16:53:05 [notice] 1#1: start worker process 34
2023/04/29 16:53:05 [notice] 1#1: start worker process 35
2023/04/29 16:53:05 [notice] 1#1: start worker process 36
2023/04/29 16:54:18 [notice] 1#1: signal 3 (SIGQUIT) received, shutting down
2023/04/29 16:54:18 [notice] 29#29: gracefully shutting down
2023/04/29 16:54:18 [notice] 30#30: gracefully shutting down
2023/04/29 16:54:18 [notice] 32#32: gracefully shutting down
2023/04/29 16:54:18 [notice] 29#29: exiting
2023/04/29 16:54:18 [notice] 31#31: gracefully shutting down
2023/04/29 16:54:18 [notice] 34#34: gracefully shutting down
2023/04/29 16:54:18 [notice] 32#32: exiting
2023/04/29 16:54:18 [notice] 35#35: gracefully shutting down
2023/04/29 16:54:18 [notice] 33#33: gracefully shutting down
2023/04/29 16:54:18 [notice] 31#31: exiting
2023/04/29 16:54:18 [notice] 34#34: exiting
2023/04/29 16:54:18 [notice] 30#30: exiting
2023/04/29 16:54:18 [notice] 35#35: exiting
2023/04/29 16:54:18 [notice] 33#33: exiting
2023/04/29 16:54:18 [notice] 29#29: exit
2023/04/29 16:54:18 [notice] 32#32: exit
2023/04/29 16:54:18 [notice] 34#34: exit
2023/04/29 16:54:18 [notice] 33#33: exit
2023/04/29 16:54:18 [notice] 30#30: exit
2023/04/29 16:54:18 [notice] 35#35: exit
2023/04/29 16:54:18 [notice] 31#31: exit
2023/04/29 16:54:18 [notice] 36#36: gracefully shutting down
2023/04/29 16:54:18 [notice] 36#36: exiting
2023/04/29 16:54:18 [notice] 36#36: exit
2023/04/29 16:54:18 [notice] 1#1: signal 17 (SIGCHLD) received from 29
2023/04/29 16:54:18 [notice] 1#1: worker process 29 exited with code 0
2023/04/29 16:54:18 [notice] 1#1: worker process 33 exited with code 0
2023/04/29 16:54:18 [notice] 1#1: signal 29 (SIGIO) received
2023/04/29 16:54:18 [notice] 1#1: signal 17 (SIGCHLD) received from 33
2023/04/29 16:54:18 [notice] 1#1: signal 17 (SIGCHLD) received from 31
2023/04/29 16:54:18 [notice] 1#1: worker process 30 exited with code 0
2023/04/29 16:54:18 [notice] 1#1: worker process 31 exited with code 0
2023/04/29 16:54:18 [notice] 1#1: worker process 32 exited with code 0
2023/04/29 16:54:18 [notice] 1#1: worker process 35 exited with code 0
2023/04/29 16:54:18 [notice] 1#1: worker process 36 exited with code 0
2023/04/29 16:54:18 [notice] 1#1: signal 29 (SIGIO) received
2023/04/29 16:54:18 [notice] 1#1: signal 17 (SIGCHLD) received from 30
2023/04/29 16:54:18 [notice] 1#1: signal 17 (SIGCHLD) received from 34
2023/04/29 16:54:18 [notice] 1#1: worker process 34 exited with code 0
2023/04/29 16:54:18 [notice] 1#1: exit
2023/04/29 17:10:51 [notice] 1#1: using the "epoll" event method
2023/04/29 17:10:51 [notice] 1#1: nginx/1.23.4
2023/04/29 17:10:51 [notice] 1#1: built by gcc 12.2.1 20220924 (Alpine 12.2.1_git20220924-r4) 
2023/04/29 17:10:51 [notice] 1#1: OS: Linux 5.8.0-55-generic
2023/04/29 17:10:51 [notice] 1#1: getrlimit(RLIMIT_NOFILE): 1048576:1048576
2023/04/29 17:10:51 [notice] 1#1: start worker processes
2023/04/29 17:10:51 [notice] 1#1: start worker process 29
2023/04/29 17:10:51 [notice] 1#1: start worker process 30
2023/04/29 17:10:51 [notice] 1#1: start worker process 31
2023/04/29 17:10:51 [notice] 1#1: start worker process 32
2023/04/29 17:10:51 [notice] 1#1: start worker process 33
2023/04/29 17:10:51 [notice] 1#1: start worker process 34
2023/04/29 17:10:51 [notice] 1#1: start worker process 35
2023/04/29 17:10:51 [notice] 1#1: start worker process 36
2023/04/29 17:15:08 [notice] 1#1: signal 3 (SIGQUIT) received, shutting down
2023/04/29 17:15:08 [notice] 30#30: gracefully shutting down
2023/04/29 17:15:08 [notice] 33#33: gracefully shutting down
2023/04/29 17:15:08 [notice] 32#32: gracefully shutting down
2023/04/29 17:15:08 [notice] 31#31: gracefully shutting down
2023/04/29 17:15:08 [notice] 34#34: gracefully shutting down
2023/04/29 17:15:08 [notice] 36#36: gracefully shutting down
2023/04/29 17:15:08 [notice] 35#35: gracefully shutting down
2023/04/29 17:15:08 [notice] 33#33: exiting
2023/04/29 17:15:08 [notice] 30#30: exiting
2023/04/29 17:15:08 [notice] 36#36: exiting
2023/04/29 17:15:08 [notice] 31#31: exiting
2023/04/29 17:15:08 [notice] 34#34: exiting
2023/04/29 17:15:08 [notice] 35#35: exiting
2023/04/29 17:15:08 [notice] 32#32: exiting
2023/04/29 17:15:08 [notice] 29#29: gracefully shutting down
2023/04/29 17:15:08 [notice] 29#29: exiting
2023/04/29 17:15:08 [notice] 35#35: exit
2023/04/29 17:15:08 [notice] 31#31: exit
2023/04/29 17:15:08 [notice] 29#29: exit
2023/04/29 17:15:08 [notice] 30#30: exit
2023/04/29 17:15:08 [notice] 32#32: exit
2023/04/29 17:15:08 [notice] 33#33: exit
2023/04/29 17:15:08 [notice] 34#34: exit
2023/04/29 17:15:08 [notice] 36#36: exit
2023/04/29 17:15:08 [notice] 1#1: signal 17 (SIGCHLD) received from 29
2023/04/29 17:15:08 [notice] 1#1: worker process 29 exited with code 0
2023/04/29 17:15:08 [notice] 1#1: worker process 31 exited with code 0
2023/04/29 17:15:08 [notice] 1#1: worker process 32 exited with code 0
2023/04/29 17:15:08 [notice] 1#1: worker process 33 exited with code 0
2023/04/29 17:15:08 [notice] 1#1: worker process 34 exited with code 0
2023/04/29 17:15:08 [notice] 1#1: signal 29 (SIGIO) received
2023/04/29 17:15:08 [notice] 1#1: signal 17 (SIGCHLD) received from 31
2023/04/29 17:15:08 [notice] 1#1: signal 17 (SIGCHLD) received from 36
2023/04/29 17:15:08 [notice] 1#1: worker process 36 exited with code 0
2023/04/29 17:15:08 [notice] 1#1: signal 29 (SIGIO) received
2023/04/29 17:15:08 [notice] 1#1: signal 17 (SIGCHLD) received from 35
2023/04/29 17:15:08 [notice] 1#1: worker process 35 exited with code 0
2023/04/29 17:15:08 [notice] 1#1: signal 29 (SIGIO) received
2023/04/29 17:15:08 [notice] 1#1: signal 17 (SIGCHLD) received from 30
2023/04/29 17:15:08 [notice] 1#1: worker process 30 exited with code 0
2023/04/29 17:15:08 [notice] 1#1: exit
2023/04/29 17:16:04 [notice] 1#1: using the "epoll" event method
2023/04/29 17:16:04 [notice] 1#1: nginx/1.23.4
2023/04/29 17:16:04 [notice] 1#1: built by gcc 12.2.1 20220924 (Alpine 12.2.1_git20220924-r4) 
2023/04/29 17:16:04 [notice] 1#1: OS: Linux 5.8.0-55-generic
2023/04/29 17:16:04 [notice] 1#1: getrlimit(RLIMIT_NOFILE): 1048576:1048576
2023/04/29 17:16:04 [notice] 1#1: start worker processes
2023/04/29 17:16:04 [notice] 1#1: start worker process 29
2023/04/29 17:16:04 [notice] 1#1: start worker process 30
2023/04/29 17:16:04 [notice] 1#1: start worker process 31
2023/04/29 17:16:04 [notice] 1#1: start worker process 32
2023/04/29 17:16:04 [notice] 1#1: start worker process 33
2023/04/29 17:16:04 [notice] 1#1: start worker process 34
2023/04/29 17:16:04 [notice] 1#1: start worker process 35
2023/04/29 17:16:04 [notice] 1#1: start worker process 36
2023/05/11 17:05:59 [notice] 1#1: signal 3 (SIGQUIT) received, shutting down
2023/05/11 17:05:59 [notice] 29#29: gracefully shutting down
2023/05/11 17:05:59 [notice] 36#36: gracefully shutting down
2023/05/11 17:05:59 [notice] 36#36: exiting
2023/05/11 17:05:59 [notice] 33#33: gracefully shutting down
2023/05/11 17:05:59 [notice] 32#32: gracefully shutting down
2023/05/11 17:05:59 [notice] 31#31: gracefully shutting down
2023/05/11 17:05:59 [notice] 30#30: gracefully shutting down
2023/05/11 17:05:59 [notice] 35#35: gracefully shutting down
2023/05/11 17:05:59 [notice] 34#34: gracefully shutting down
2023/05/11 17:05:59 [notice] 35#35: exiting
2023/05/11 17:05:59 [notice] 36#36: exit
2023/05/11 17:05:59 [notice] 35#35: exit
2023/05/11 17:05:59 [notice] 32#32: exiting
2023/05/11 17:05:59 [notice] 32#32: exit
2023/05/11 17:05:59 [notice] 31#31: exiting
2023/05/11 17:05:59 [notice] 31#31: exit
2023/05/11 17:05:59 [notice] 34#34: exiting
2023/05/11 17:05:59 [notice] 34#34: exit
2023/05/11 17:05:59 [notice] 30#30: exiting
2023/05/11 17:05:59 [notice] 30#30: exit
2023/05/11 17:05:59 [notice] 33#33: exiting
2023/05/11 17:05:59 [notice] 33#33: exit
2023/05/11 17:05:59 [notice] 29#29: exiting
2023/05/11 17:05:59 [notice] 29#29: exit
2023/05/11 17:05:59 [notice] 1#1: signal 17 (SIGCHLD) received from 36
2023/05/11 17:05:59 [notice] 1#1: worker process 29 exited with code 0
2023/05/11 17:05:59 [notice] 1#1: worker process 36 exited with code 0
2023/05/11 17:05:59 [notice] 1#1: worker process 30 exited with code 0
2023/05/11 17:05:59 [notice] 1#1: worker process 31 exited with code 0
2023/05/11 17:05:59 [notice] 1#1: worker process 32 exited with code 0
2023/05/11 17:05:59 [notice] 1#1: worker process 33 exited with code 0
2023/05/11 17:05:59 [notice] 1#1: worker process 34 exited with code 0
2023/05/11 17:05:59 [notice] 1#1: signal 29 (SIGIO) received
2023/05/11 17:05:59 [notice] 1#1: signal 17 (SIGCHLD) received from 29
2023/05/11 17:05:59 [notice] 1#1: signal 17 (SIGCHLD) received from 35
2023/05/11 17:05:59 [notice] 1#1: worker process 35 exited with code 0
2023/05/11 17:05:59 [notice] 1#1: exit
2023/05/20 13:14:29 [notice] 1#1: using the "epoll" event method
2023/05/20 13:14:29 [notice] 1#1: nginx/1.23.4
2023/05/20 13:14:29 [notice] 1#1: built by gcc 12.2.1 20220924 (Alpine 12.2.1_git20220924-r4) 
2023/05/20 13:14:29 [notice] 1#1: OS: Linux 5.8.0-55-generic
2023/05/20 13:14:29 [notice] 1#1: getrlimit(RLIMIT_NOFILE): 1048576:1048576
2023/05/20 13:14:29 [notice] 1#1: start worker processes
2023/05/20 13:14:29 [notice] 1#1: start worker process 29
2023/05/20 13:14:29 [notice] 1#1: start worker process 30
2023/05/20 13:14:29 [notice] 1#1: start worker process 31
2023/05/20 13:14:29 [notice] 1#1: start worker process 32
2023/05/20 13:14:29 [notice] 1#1: start worker process 33
2023/05/20 13:14:29 [notice] 1#1: start worker process 34
2023/05/20 13:14:29 [notice] 1#1: start worker process 35
2023/05/20 13:14:29 [notice] 1#1: start worker process 36
2023/05/20 14:47:54 [notice] 1#1: signal 3 (SIGQUIT) received, shutting down
2023/05/20 14:47:54 [notice] 30#30: gracefully shutting down
2023/05/20 14:47:54 [notice] 29#29: gracefully shutting down
2023/05/20 14:47:54 [notice] 31#31: gracefully shutting down
2023/05/20 14:47:54 [notice] 36#36: gracefully shutting down
2023/05/20 14:47:54 [notice] 33#33: gracefully shutting down
2023/05/20 14:47:54 [notice] 35#35: gracefully shutting down
2023/05/20 14:47:54 [notice] 32#32: gracefully shutting down
2023/05/20 14:47:54 [notice] 33#33: exiting
2023/05/20 14:47:54 [notice] 36#36: exiting
2023/05/20 14:47:54 [notice] 34#34: gracefully shutting down
2023/05/20 14:47:54 [notice] 34#34: exiting
2023/05/20 14:47:54 [notice] 36#36: exit
2023/05/20 14:47:54 [notice] 34#34: exit
2023/05/20 14:47:54 [notice] 33#33: exit
2023/05/20 14:47:54 [notice] 31#31: exiting
2023/05/20 14:47:54 [notice] 35#35: exiting
2023/05/20 14:47:54 [notice] 35#35: exit
2023/05/20 14:47:54 [notice] 31#31: exit
2023/05/20 14:47:54 [notice] 32#32: exiting
2023/05/20 14:47:54 [notice] 32#32: exit
2023/05/20 14:47:54 [notice] 30#30: exiting
2023/05/20 14:47:54 [notice] 30#30: exit
2023/05/20 14:47:54 [notice] 29#29: exiting
2023/05/20 14:47:54 [notice] 29#29: exit
2023/05/20 14:47:54 [notice] 1#1: signal 17 (SIGCHLD) received from 30
2023/05/20 14:47:54 [notice] 1#1: worker process 29 exited with code 0
2023/05/20 14:47:54 [notice] 1#1: worker process 30 exited with code 0
2023/05/20 14:47:54 [notice] 1#1: worker process 32 exited with code 0
2023/05/20 14:47:54 [notice] 1#1: worker process 34 exited with code 0
2023/05/20 14:47:54 [notice] 1#1: worker process 35 exited with code 0
2023/05/20 14:47:54 [notice] 1#1: signal 29 (SIGIO) received
2023/05/20 14:47:54 [notice] 1#1: signal 17 (SIGCHLD) received from 32
2023/05/20 14:47:54 [notice] 1#1: signal 17 (SIGCHLD) received from 33
2023/05/20 14:47:54 [notice] 1#1: worker process 31 exited with code 0
2023/05/20 14:47:54 [notice] 1#1: worker process 33 exited with code 0
2023/05/20 14:47:54 [notice] 1#1: signal 29 (SIGIO) received
2023/05/20 14:47:54 [notice] 1#1: signal 17 (SIGCHLD) received from 31
2023/05/20 14:47:54 [notice] 1#1: signal 17 (SIGCHLD) received from 36
2023/05/20 14:47:54 [notice] 1#1: worker process 36 exited with code 0
2023/05/20 14:47:54 [notice] 1#1: exit
2023/05/20 14:47:55 [notice] 1#1: using the "epoll" event method
2023/05/20 14:47:55 [notice] 1#1: nginx/1.23.4
2023/05/20 14:47:55 [notice] 1#1: built by gcc 12.2.1 20220924 (Alpine 12.2.1_git20220924-r4) 
2023/05/20 14:47:55 [notice] 1#1: OS: Linux 5.8.0-55-generic
2023/05/20 14:47:55 [notice] 1#1: getrlimit(RLIMIT_NOFILE): 1048576:1048576
2023/05/20 14:47:55 [notice] 1#1: start worker processes
2023/05/20 14:47:55 [notice] 1#1: start worker process 29
2023/05/20 14:47:55 [notice] 1#1: start worker process 30
2023/05/20 14:47:55 [notice] 1#1: start worker process 31
2023/05/20 14:47:55 [notice] 1#1: start worker process 32
2023/05/20 14:47:55 [notice] 1#1: start worker process 33
2023/05/20 14:47:55 [notice] 1#1: start worker process 34
2023/05/20 14:47:55 [notice] 1#1: start worker process 35
2023/05/20 14:47:55 [notice] 1#1: start worker process 36
2023/05/20 14:54:18 [notice] 1#1: signal 3 (SIGQUIT) received, shutting down
2023/05/20 14:54:18 [notice] 30#30: gracefully shutting down
2023/05/20 14:54:18 [notice] 29#29: gracefully shutting down
2023/05/20 14:54:18 [notice] 32#32: gracefully shutting down
2023/05/20 14:54:18 [notice] 31#31: gracefully shutting down
2023/05/20 14:54:18 [notice] 33#33: gracefully shutting down
2023/05/20 14:54:18 [notice] 30#30: exiting
2023/05/20 14:54:18 [notice] 32#32: exiting
2023/05/20 14:54:18 [notice] 34#34: gracefully shutting down
2023/05/20 14:54:18 [notice] 31#31: exiting
2023/05/20 14:54:18 [notice] 33#33: exiting
2023/05/20 14:54:18 [notice] 34#34: exiting
2023/05/20 14:54:18 [notice] 35#35: gracefully shutting down
2023/05/20 14:54:18 [notice] 35#35: exiting
2023/05/20 14:54:18 [notice] 36#36: gracefully shutting down
2023/05/20 14:54:18 [notice] 36#36: exiting
2023/05/20 14:54:18 [notice] 29#29: exiting
2023/05/20 14:54:18 [notice] 33#33: exit
2023/05/20 14:54:18 [notice] 32#32: exit
2023/05/20 14:54:18 [notice] 34#34: exit
2023/05/20 14:54:18 [notice] 35#35: exit
2023/05/20 14:54:18 [notice] 30#30: exit
2023/05/20 14:54:18 [notice] 29#29: exit
2023/05/20 14:54:18 [notice] 31#31: exit
2023/05/20 14:54:18 [notice] 36#36: exit
2023/05/20 14:54:18 [notice] 1#1: signal 17 (SIGCHLD) received from 30
2023/05/20 14:54:18 [notice] 1#1: worker process 30 exited with code 0
2023/05/20 14:54:18 [notice] 1#1: worker process 29 exited with code 0
2023/05/20 14:54:18 [notice] 1#1: worker process 31 exited with code 0
2023/05/20 14:54:18 [notice] 1#1: worker process 32 exited with code 0
2023/05/20 14:54:18 [notice] 1#1: worker process 33 exited with code 0
2023/05/20 14:54:18 [notice] 1#1: worker process 35 exited with code 0
2023/05/20 14:54:18 [notice] 1#1: signal 29 (SIGIO) received
2023/05/20 14:54:18 [notice] 1#1: signal 17 (SIGCHLD) received from 31
2023/05/20 14:54:18 [notice] 1#1: signal 17 (SIGCHLD) received from 36
2023/05/20 14:54:18 [notice] 1#1: worker process 36 exited with code 0
2023/05/20 14:54:18 [notice] 1#1: signal 29 (SIGIO) received
2023/05/20 14:54:18 [notice] 1#1: signal 17 (SIGCHLD) received from 34
2023/05/20 14:54:18 [notice] 1#1: worker process 34 exited with code 0
2023/05/20 14:54:18 [notice] 1#1: exit
2023/05/20 14:54:19 [notice] 1#1: using the "epoll" event method
2023/05/20 14:54:19 [notice] 1#1: nginx/1.23.4
2023/05/20 14:54:19 [notice] 1#1: built by gcc 12.2.1 20220924 (Alpine 12.2.1_git20220924-r4) 
2023/05/20 14:54:19 [notice] 1#1: OS: Linux 5.8.0-55-generic
2023/05/20 14:54:19 [notice] 1#1: getrlimit(RLIMIT_NOFILE): 1048576:1048576
2023/05/20 14:54:19 [notice] 1#1: start worker processes
2023/05/20 14:54:19 [notice] 1#1: start worker process 29
2023/05/20 14:54:19 [notice] 1#1: start worker process 30
2023/05/20 14:54:19 [notice] 1#1: start worker process 31
2023/05/20 14:54:19 [notice] 1#1: start worker process 32
2023/05/20 14:54:19 [notice] 1#1: start worker process 33
2023/05/20 14:54:19 [notice] 1#1: start worker process 34
2023/05/20 14:54:19 [notice] 1#1: start worker process 35
2023/05/20 14:54:19 [notice] 1#1: start worker process 36
2023/05/20 15:33:24 [notice] 1#1: signal 3 (SIGQUIT) received, shutting down
2023/05/20 15:33:24 [notice] 29#29: gracefully shutting down
2023/05/20 15:33:24 [notice] 30#30: gracefully shutting down
2023/05/20 15:33:24 [notice] 31#31: gracefully shutting down
2023/05/20 15:33:24 [notice] 32#32: gracefully shutting down
2023/05/20 15:33:24 [notice] 33#33: gracefully shutting down
2023/05/20 15:33:24 [notice] 35#35: gracefully shutting down
2023/05/20 15:33:24 [notice] 35#35: exiting
2023/05/20 15:33:24 [notice] 36#36: gracefully shutting down
2023/05/20 15:33:24 [notice] 34#34: gracefully shutting down
2023/05/20 15:33:24 [notice] 36#36: exiting
2023/05/20 15:33:24 [notice] 33#33: exiting
2023/05/20 15:33:24 [notice] 32#32: exiting
2023/05/20 15:33:24 [notice] 34#34: exiting
2023/05/20 15:33:24 [notice] 34#34: exit
2023/05/20 15:33:24 [notice] 35#35: exit
2023/05/20 15:33:24 [notice] 32#32: exit
2023/05/20 15:33:24 [notice] 33#33: exit
2023/05/20 15:33:24 [notice] 36#36: exit
2023/05/20 15:33:24 [notice] 31#31: exiting
2023/05/20 15:33:24 [notice] 31#31: exit
2023/05/20 15:33:24 [notice] 30#30: exiting
2023/05/20 15:33:24 [notice] 30#30: exit
2023/05/20 15:33:24 [notice] 29#29: exiting
2023/05/20 15:33:24 [notice] 29#29: exit
2023/05/20 15:33:24 [notice] 1#1: signal 17 (SIGCHLD) received from 34
2023/05/20 15:33:24 [notice] 1#1: worker process 34 exited with code 0
2023/05/20 15:33:24 [notice] 1#1: worker process 29 exited with code 0
2023/05/20 15:33:24 [notice] 1#1: worker process 30 exited with code 0
2023/05/20 15:33:24 [notice] 1#1: worker process 33 exited with code 0
2023/05/20 15:33:24 [notice] 1#1: worker process 36 exited with code 0
2023/05/20 15:33:24 [notice] 1#1: signal 29 (SIGIO) received
2023/05/20 15:33:24 [notice] 1#1: signal 17 (SIGCHLD) received from 33
2023/05/20 15:33:24 [notice] 1#1: worker process 35 exited with code 0
2023/05/20 15:33:24 [notice] 1#1: signal 29 (SIGIO) received
2023/05/20 15:33:24 [notice] 1#1: signal 17 (SIGCHLD) received from 31
2023/05/20 15:33:24 [notice] 1#1: worker process 31 exited with code 0
2023/05/20 15:33:24 [notice] 1#1: signal 29 (SIGIO) received
2023/05/20 15:33:24 [notice] 1#1: signal 17 (SIGCHLD) received from 32
2023/05/20 15:33:24 [notice] 1#1: worker process 32 exited with code 0
2023/05/20 15:33:24 [notice] 1#1: exit
2023/05/20 15:33:38 [notice] 1#1: using the "epoll" event method
2023/05/20 15:33:38 [notice] 1#1: nginx/1.23.4
2023/05/20 15:33:38 [notice] 1#1: built by gcc 12.2.1 20220924 (Alpine 12.2.1_git20220924-r4) 
2023/05/20 15:33:38 [notice] 1#1: OS: Linux 5.8.0-55-generic
2023/05/20 15:33:38 [notice] 1#1: getrlimit(RLIMIT_NOFILE): 1048576:1048576
2023/05/20 15:33:38 [notice] 1#1: start worker processes
2023/05/20 15:33:38 [notice] 1#1: start worker process 29
2023/05/20 15:33:38 [notice] 1#1: start worker process 30
2023/05/20 15:33:38 [notice] 1#1: start worker process 31
2023/05/20 15:33:38 [notice] 1#1: start worker process 32
2023/05/20 15:33:38 [notice] 1#1: start worker process 33
2023/05/20 15:33:38 [notice] 1#1: start worker process 34
2023/05/20 15:33:38 [notice] 1#1: start worker process 35
2023/05/20 15:33:38 [notice] 1#1: start worker process 36
2023/05/20 15:35:53 [notice] 1#1: signal 3 (SIGQUIT) received, shutting down
2023/05/20 15:35:53 [notice] 29#29: gracefully shutting down
2023/05/20 15:35:53 [notice] 31#31: gracefully shutting down
2023/05/20 15:35:53 [notice] 30#30: gracefully shutting down
2023/05/20 15:35:53 [notice] 32#32: gracefully shutting down
2023/05/20 15:35:53 [notice] 33#33: gracefully shutting down
2023/05/20 15:35:53 [notice] 29#29: exiting
2023/05/20 15:35:53 [notice] 34#34: gracefully shutting down
2023/05/20 15:35:53 [notice] 31#31: exiting
2023/05/20 15:35:53 [notice] 36#36: gracefully shutting down
2023/05/20 15:35:53 [notice] 30#30: exiting
2023/05/20 15:35:53 [notice] 32#32: exiting
2023/05/20 15:35:53 [notice] 33#33: exiting
2023/05/20 15:35:53 [notice] 34#34: exiting
2023/05/20 15:35:53 [notice] 36#36: exiting
2023/05/20 15:35:53 [notice] 34#34: exit
2023/05/20 15:35:53 [notice] 29#29: exit
2023/05/20 15:35:53 [notice] 32#32: exit
2023/05/20 15:35:53 [notice] 30#30: exit
2023/05/20 15:35:53 [notice] 31#31: exit
2023/05/20 15:35:53 [notice] 33#33: exit
2023/05/20 15:35:53 [notice] 36#36: exit
2023/05/20 15:35:53 [notice] 35#35: gracefully shutting down
2023/05/20 15:35:53 [notice] 35#35: exiting
2023/05/20 15:35:53 [notice] 35#35: exit
2023/05/20 15:35:53 [notice] 1#1: signal 17 (SIGCHLD) received from 34
2023/05/20 15:35:53 [notice] 1#1: worker process 30 exited with code 0
2023/05/20 15:35:53 [notice] 1#1: worker process 29 exited with code 0
2023/05/20 15:35:53 [notice] 1#1: worker process 31 exited with code 0
2023/05/20 15:35:53 [notice] 1#1: worker process 32 exited with code 0
2023/05/20 15:35:53 [notice] 1#1: worker process 33 exited with code 0
2023/05/20 15:35:53 [notice] 1#1: worker process 34 exited with code 0
2023/05/20 15:35:53 [notice] 1#1: signal 29 (SIGIO) received
2023/05/20 15:35:53 [notice] 1#1: signal 17 (SIGCHLD) received from 30
2023/05/20 15:35:53 [notice] 1#1: signal 17 (SIGCHLD) received from 36
2023/05/20 15:35:53 [notice] 1#1: worker process 35 exited with code 0
2023/05/20 15:35:53 [notice] 1#1: worker process 36 exited with code 0
2023/05/20 15:35:53 [notice] 1#1: exit
2023/05/20 15:36:04 [notice] 1#1: using the "epoll" event method
2023/05/20 15:36:04 [notice] 1#1: nginx/1.23.4
2023/05/20 15:36:04 [notice] 1#1: built by gcc 12.2.1 20220924 (Alpine 12.2.1_git20220924-r4) 
2023/05/20 15:36:04 [notice] 1#1: OS: Linux 5.8.0-55-generic
2023/05/20 15:36:04 [notice] 1#1: getrlimit(RLIMIT_NOFILE): 1048576:1048576
2023/05/20 15:36:04 [notice] 1#1: start worker processes
2023/05/20 15:36:04 [notice] 1#1: start worker process 29
2023/05/20 15:36:04 [notice] 1#1: start worker process 30
2023/05/20 15:36:04 [notice] 1#1: start worker process 31
2023/05/20 15:36:04 [notice] 1#1: start worker process 32
2023/05/20 15:36:04 [notice] 1#1: start worker process 33
2023/05/20 15:36:04 [notice] 1#1: start worker process 34
2023/05/20 15:36:04 [notice] 1#1: start worker process 35
2023/05/20 15:36:04 [notice] 1#1: start worker process 36
2023/05/20 15:38:29 [notice] 1#1: signal 3 (SIGQUIT) received, shutting down
2023/05/20 15:38:29 [notice] 30#30: gracefully shutting down
2023/05/20 15:38:29 [notice] 32#32: gracefully shutting down
2023/05/20 15:38:29 [notice] 31#31: gracefully shutting down
2023/05/20 15:38:29 [notice] 34#34: gracefully shutting down
2023/05/20 15:38:29 [notice] 34#34: exiting
2023/05/20 15:38:29 [notice] 36#36: gracefully shutting down
2023/05/20 15:38:29 [notice] 35#35: gracefully shutting down
2023/05/20 15:38:29 [notice] 33#33: gracefully shutting down
2023/05/20 15:38:29 [notice] 36#36: exiting
2023/05/20 15:38:29 [notice] 32#32: exiting
2023/05/20 15:38:29 [notice] 35#35: exiting
2023/05/20 15:38:29 [notice] 33#33: exiting
2023/05/20 15:38:29 [notice] 29#29: gracefully shutting down
2023/05/20 15:38:29 [notice] 30#30: exiting
2023/05/20 15:38:29 [notice] 29#29: exiting
2023/05/20 15:38:29 [notice] 34#34: exit
2023/05/20 15:38:29 [notice] 35#35: exit
2023/05/20 15:38:29 [notice] 33#33: exit
2023/05/20 15:38:29 [notice] 30#30: exit
2023/05/20 15:38:29 [notice] 29#29: exit
2023/05/20 15:38:29 [notice] 32#32: exit
2023/05/20 15:38:29 [notice] 36#36: exit
2023/05/20 15:38:29 [notice] 1#1: signal 17 (SIGCHLD) received from 29
2023/05/20 15:38:29 [notice] 1#1: worker process 29 exited with code 0
2023/05/20 15:38:29 [notice] 1#1: signal 29 (SIGIO) received
2023/05/20 15:38:29 [notice] 1#1: signal 17 (SIGCHLD) received from 33
2023/05/20 15:38:29 [notice] 1#1: worker process 33 exited with code 0
2023/05/20 15:38:29 [notice] 1#1: worker process 34 exited with code 0
2023/05/20 15:38:29 [notice] 1#1: worker process 32 exited with code 0
2023/05/20 15:38:29 [notice] 1#1: signal 29 (SIGIO) received
2023/05/20 15:38:29 [notice] 1#1: signal 17 (SIGCHLD) received from 34
2023/05/20 15:38:29 [notice] 1#1: worker process 30 exited with code 0
2023/05/20 15:38:29 [notice] 1#1: signal 29 (SIGIO) received
2023/05/20 15:38:29 [notice] 1#1: signal 17 (SIGCHLD) received from 36
2023/05/20 15:38:29 [notice] 1#1: worker process 36 exited with code 0
2023/05/20 15:38:29 [notice] 1#1: signal 29 (SIGIO) received
2023/05/20 15:38:30 [notice] 1#1: signal 17 (SIGCHLD) received from 35
2023/05/20 15:38:30 [notice] 1#1: worker process 35 exited with code 0
2023/05/20 15:38:30 [notice] 1#1: signal 29 (SIGIO) received
2023/05/20 15:38:37 [notice] 31#31: exiting
2023/05/20 15:38:37 [notice] 31#31: exit
2023/05/20 15:38:37 [notice] 1#1: signal 17 (SIGCHLD) received from 31
2023/05/20 15:38:37 [notice] 1#1: worker process 31 exited with code 0
2023/05/20 15:38:37 [notice] 1#1: exit
2023/05/20 15:38:44 [notice] 1#1: using the "epoll" event method
2023/05/20 15:38:44 [notice] 1#1: nginx/1.23.4
2023/05/20 15:38:44 [notice] 1#1: built by gcc 12.2.1 20220924 (Alpine 12.2.1_git20220924-r4) 
2023/05/20 15:38:44 [notice] 1#1: OS: Linux 5.8.0-55-generic
2023/05/20 15:38:44 [notice] 1#1: getrlimit(RLIMIT_NOFILE): 1048576:1048576
2023/05/20 15:38:44 [notice] 1#1: start worker processes
2023/05/20 15:38:44 [notice] 1#1: start worker process 29
2023/05/20 15:38:44 [notice] 1#1: start worker process 30
2023/05/20 15:38:44 [notice] 1#1: start worker process 31
2023/05/20 15:38:44 [notice] 1#1: start worker process 32
2023/05/20 15:38:44 [notice] 1#1: start worker process 33
2023/05/20 15:38:44 [notice] 1#1: start worker process 34
2023/05/20 15:38:44 [notice] 1#1: start worker process 35
2023/05/20 15:38:44 [notice] 1#1: start worker process 36
2023/05/24 12:20:31 [notice] 1#1: signal 3 (SIGQUIT) received, shutting down
2023/05/24 12:20:31 [notice] 31#31: gracefully shutting down
2023/05/24 12:20:31 [notice] 33#33: gracefully shutting down
2023/05/24 12:20:31 [notice] 32#32: gracefully shutting down
2023/05/24 12:20:31 [notice] 35#35: gracefully shutting down
2023/05/24 12:20:31 [notice] 36#36: gracefully shutting down
2023/05/24 12:20:31 [notice] 30#30: gracefully shutting down
2023/05/24 12:20:31 [notice] 29#29: gracefully shutting down
2023/05/24 12:20:31 [notice] 36#36: exiting
2023/05/24 12:20:31 [notice] 33#33: exiting
2023/05/24 12:20:31 [notice] 31#31: exiting
2023/05/24 12:20:31 [notice] 32#32: exiting
2023/05/24 12:20:31 [notice] 34#34: gracefully shutting down
2023/05/24 12:20:31 [notice] 35#35: exiting
2023/05/24 12:20:31 [notice] 32#32: exit
2023/05/24 12:20:31 [notice] 31#31: exit
2023/05/24 12:20:31 [notice] 36#36: exit
2023/05/24 12:20:31 [notice] 33#33: exit
2023/05/24 12:20:31 [notice] 30#30: exiting
2023/05/24 12:20:31 [notice] 35#35: exit
2023/05/24 12:20:31 [notice] 30#30: exit
2023/05/24 12:20:31 [notice] 29#29: exiting
2023/05/24 12:20:31 [notice] 29#29: exit
2023/05/24 12:20:31 [notice] 34#34: exiting
2023/05/24 12:20:31 [notice] 34#34: exit
2023/05/24 12:20:31 [notice] 1#1: signal 17 (SIGCHLD) received from 31
2023/05/24 12:20:31 [notice] 1#1: worker process 31 exited with code 0
2023/05/24 12:20:31 [notice] 1#1: signal 29 (SIGIO) received
2023/05/24 12:20:31 [notice] 1#1: signal 17 (SIGCHLD) received from 35
2023/05/24 12:20:31 [notice] 1#1: worker process 35 exited with code 0
2023/05/24 12:20:31 [notice] 1#1: signal 29 (SIGIO) received
2023/05/24 12:20:31 [notice] 1#1: signal 17 (SIGCHLD) received from 32
2023/05/24 12:20:31 [notice] 1#1: worker process 32 exited with code 0
2023/05/24 12:20:31 [notice] 1#1: worker process 36 exited with code 0
2023/05/24 12:20:31 [notice] 1#1: signal 29 (SIGIO) received
2023/05/24 12:20:32 [notice] 1#1: signal 17 (SIGCHLD) received from 30
2023/05/24 12:20:32 [notice] 1#1: worker process 30 exited with code 0
2023/05/24 12:20:32 [notice] 1#1: worker process 33 exited with code 0
2023/05/24 12:20:32 [notice] 1#1: signal 29 (SIGIO) received
2023/05/24 12:20:32 [notice] 1#1: signal 17 (SIGCHLD) received from 29
2023/05/24 12:20:32 [notice] 1#1: worker process 29 exited with code 0
2023/05/24 12:20:32 [notice] 1#1: signal 29 (SIGIO) received
2023/05/24 12:20:32 [notice] 1#1: signal 17 (SIGCHLD) received from 34
2023/05/24 12:20:32 [notice] 1#1: worker process 34 exited with code 0
2023/05/24 12:20:32 [notice] 1#1: exit
2023/05/24 12:45:28 [notice] 1#1: using the "epoll" event method
2023/05/24 12:45:28 [notice] 1#1: nginx/1.23.4
2023/05/24 12:45:28 [notice] 1#1: built by gcc 12.2.1 20220924 (Alpine 12.2.1_git20220924-r4) 
2023/05/24 12:45:28 [notice] 1#1: OS: Linux 5.8.0-55-generic
2023/05/24 12:45:28 [notice] 1#1: getrlimit(RLIMIT_NOFILE): 1048576:1048576
2023/05/24 12:45:28 [notice] 1#1: start worker processes
2023/05/24 12:45:28 [notice] 1#1: start worker process 29
2023/05/24 12:45:28 [notice] 1#1: start worker process 30
2023/05/24 12:45:28 [notice] 1#1: start worker process 31
2023/05/24 12:45:28 [notice] 1#1: start worker process 32
2023/05/24 12:45:28 [notice] 1#1: start worker process 33
2023/05/24 12:45:28 [notice] 1#1: start worker process 34
2023/05/24 12:45:28 [notice] 1#1: start worker process 35
2023/05/24 12:45:28 [notice] 1#1: start worker process 36
2023/06/07 07:12:47 [notice] 1#1: using the "epoll" event method
2023/06/07 07:12:47 [notice] 1#1: nginx/1.23.4
2023/06/07 07:12:47 [notice] 1#1: built by gcc 12.2.1 20220924 (Alpine 12.2.1_git20220924-r4) 
2023/06/07 07:12:47 [notice] 1#1: OS: Linux 5.8.0-55-generic
2023/06/07 07:12:47 [notice] 1#1: getrlimit(RLIMIT_NOFILE): 1048576:1048576
2023/06/07 07:12:47 [notice] 1#1: start worker processes
2023/06/07 07:12:47 [notice] 1#1: start worker process 29
2023/06/07 07:12:47 [notice] 1#1: start worker process 30
2023/06/07 07:12:47 [notice] 1#1: start worker process 31
2023/06/07 07:12:47 [notice] 1#1: start worker process 32
2023/06/07 07:12:47 [notice] 1#1: start worker process 33
2023/06/07 07:12:47 [notice] 1#1: start worker process 34
2023/06/07 07:12:47 [notice] 1#1: start worker process 35
2023/06/07 07:12:47 [notice] 1#1: start worker process 36
2023/06/09 17:20:18 [error] 34#34: *459 upstream sent too big header while reading response header from upstream, client: 172.18.0.1, server: , request: "POST /forum-topic/1 HTTP/1.1", upstream: "fastcgi://172.18.0.3:9000", host: "localhost:8000", referrer: "http://localhost:8000/forum-topic/1/edit"
2023/06/09 17:20:42 [error] 34#34: *459 upstream sent too big header while reading response header from upstream, client: 172.18.0.1, server: , request: "POST /forum-topic/1 HTTP/1.1", upstream: "fastcgi://172.18.0.3:9000", host: "localhost:8000", referrer: "http://localhost:8000/forum-topic/1/edit"
2023/06/09 17:21:52 [error] 34#34: *473 upstream sent too big header while reading response header from upstream, client: 172.18.0.1, server: , request: "POST /forum-topic/1 HTTP/1.1", upstream: "fastcgi://172.18.0.3:9000", host: "localhost:8000", referrer: "http://localhost:8000/forum-topic/1/edit"
2023/06/09 17:21:56 [error] 34#34: *473 upstream sent too big header while reading response header from upstream, client: 172.18.0.1, server: , request: "POST /forum-topic/1 HTTP/1.1", upstream: "fastcgi://172.18.0.3:9000", host: "localhost:8000", referrer: "http://localhost:8000/forum-topic/1/edit"
2023/06/09 17:22:01 [error] 34#34: *478 upstream sent too big header while reading response header from upstream, client: 172.18.0.1, server: , request: "POST /forum-topic/1 HTTP/1.1", upstream: "fastcgi://172.18.0.3:9000", host: "localhost:8000", referrer: "http://localhost:8000/forum-topic/1/edit"
2023/06/09 17:23:36 [error] 34#34: *484 upstream sent too big header while reading response header from upstream, client: 172.18.0.1, server: , request: "POST /forum-topic/1 HTTP/1.1", upstream: "fastcgi://172.18.0.3:9000", host: "localhost:8000", referrer: "http://localhost:8000/forum-topic/1/edit"
2023/06/16 05:30:28 [notice] 1#1: signal 3 (SIGQUIT) received, shutting down
2023/06/16 05:30:28 [notice] 32#32: gracefully shutting down
2023/06/16 05:30:28 [notice] 33#33: gracefully shutting down
2023/06/16 05:30:28 [notice] 34#34: gracefully shutting down
2023/06/16 05:30:28 [notice] 31#31: gracefully shutting down
2023/06/16 05:30:28 [notice] 29#29: gracefully shutting down
2023/06/16 05:30:28 [notice] 35#35: gracefully shutting down
2023/06/16 05:30:28 [notice] 30#30: gracefully shutting down
2023/06/16 05:30:28 [notice] 36#36: gracefully shutting down
2023/06/16 05:30:28 [notice] 35#35: exiting
2023/06/16 05:30:28 [notice] 31#31: exiting
2023/06/16 05:30:28 [notice] 29#29: exiting
2023/06/16 05:30:28 [notice] 32#32: exiting
2023/06/16 05:30:28 [notice] 33#33: exiting
2023/06/16 05:30:28 [notice] 34#34: exiting
2023/06/16 05:30:28 [notice] 30#30: exiting
2023/06/16 05:30:28 [notice] 36#36: exiting
2023/06/16 05:30:28 [notice] 34#34: exit
2023/06/16 05:30:28 [notice] 31#31: exit
2023/06/16 05:30:28 [notice] 35#35: exit
2023/06/16 05:30:28 [notice] 32#32: exit
2023/06/16 05:30:28 [notice] 30#30: exit
2023/06/16 05:30:28 [notice] 33#33: exit
2023/06/16 05:30:28 [notice] 29#29: exit
2023/06/16 05:30:28 [notice] 36#36: exit
2023/06/16 05:30:28 [notice] 1#1: signal 17 (SIGCHLD) received from 33
2023/06/16 05:30:28 [notice] 1#1: worker process 30 exited with code 0
2023/06/16 05:30:28 [notice] 1#1: worker process 32 exited with code 0
2023/06/16 05:30:28 [notice] 1#1: worker process 33 exited with code 0
2023/06/16 05:30:28 [notice] 1#1: worker process 35 exited with code 0
2023/06/16 05:30:28 [notice] 1#1: signal 29 (SIGIO) received
2023/06/16 05:30:28 [notice] 1#1: signal 17 (SIGCHLD) received from 30
2023/06/16 05:30:28 [notice] 1#1: signal 17 (SIGCHLD) received from 36
2023/06/16 05:30:28 [notice] 1#1: worker process 36 exited with code 0
2023/06/16 05:30:28 [notice] 1#1: signal 29 (SIGIO) received
2023/06/16 05:30:28 [notice] 1#1: signal 17 (SIGCHLD) received from 31
2023/06/16 05:30:28 [notice] 1#1: worker process 31 exited with code 0
2023/06/16 05:30:28 [notice] 1#1: signal 29 (SIGIO) received
2023/06/16 05:30:28 [notice] 1#1: signal 17 (SIGCHLD) received from 34
2023/06/16 05:30:28 [notice] 1#1: worker process 34 exited with code 0
2023/06/16 05:30:28 [notice] 1#1: signal 17 (SIGCHLD) received from 29
2023/06/16 05:30:28 [notice] 1#1: worker process 29 exited with code 0
2023/06/16 05:30:28 [notice] 1#1: exit
2023/06/17 14:01:08 [notice] 1#1: using the "epoll" event method
2023/06/17 14:01:08 [notice] 1#1: nginx/1.23.4
2023/06/17 14:01:08 [notice] 1#1: built by gcc 12.2.1 20220924 (Alpine 12.2.1_git20220924-r4) 
2023/06/17 14:01:08 [notice] 1#1: OS: Linux 5.8.0-55-generic
2023/06/17 14:01:08 [notice] 1#1: getrlimit(RLIMIT_NOFILE): 1048576:1048576
2023/06/17 14:01:08 [notice] 1#1: start worker processes
2023/06/17 14:01:08 [notice] 1#1: start worker process 29
2023/06/17 14:01:08 [notice] 1#1: start worker process 30
2023/06/17 14:01:08 [notice] 1#1: start worker process 31
2023/06/17 14:01:08 [notice] 1#1: start worker process 32
2023/06/17 14:01:08 [notice] 1#1: start worker process 33
2023/06/17 14:01:08 [notice] 1#1: start worker process 34
2023/06/17 14:01:08 [notice] 1#1: start worker process 35
2023/06/17 14:01:08 [notice] 1#1: start worker process 36
2023/06/17 14:01:18 [notice] 1#1: signal 3 (SIGQUIT) received, shutting down
2023/06/17 14:01:18 [notice] 29#29: gracefully shutting down
2023/06/17 14:01:18 [notice] 30#30: gracefully shutting down
2023/06/17 14:01:18 [notice] 31#31: gracefully shutting down
2023/06/17 14:01:18 [notice] 32#32: gracefully shutting down
2023/06/17 14:01:18 [notice] 29#29: exiting
2023/06/17 14:01:18 [notice] 33#33: gracefully shutting down
2023/06/17 14:01:18 [notice] 30#30: exiting
2023/06/17 14:01:18 [notice] 34#34: gracefully shutting down
2023/06/17 14:01:18 [notice] 31#31: exiting
2023/06/17 14:01:18 [notice] 32#32: exiting
2023/06/17 14:01:18 [notice] 33#33: exiting
2023/06/17 14:01:18 [notice] 35#35: gracefully shutting down
2023/06/17 14:01:18 [notice] 34#34: exiting
2023/06/17 14:01:18 [notice] 35#35: exiting
2023/06/17 14:01:18 [notice] 33#33: exit
2023/06/17 14:01:18 [notice] 30#30: exit
2023/06/17 14:01:18 [notice] 29#29: exit
2023/06/17 14:01:18 [notice] 34#34: exit
2023/06/17 14:01:18 [notice] 31#31: exit
2023/06/17 14:01:18 [notice] 35#35: exit
2023/06/17 14:01:18 [notice] 32#32: exit
2023/06/17 14:01:18 [notice] 36#36: gracefully shutting down
2023/06/17 14:01:18 [notice] 36#36: exiting
2023/06/17 14:01:18 [notice] 36#36: exit
2023/06/17 14:01:18 [notice] 1#1: signal 17 (SIGCHLD) received from 33
2023/06/17 14:01:18 [notice] 1#1: worker process 32 exited with code 0
2023/06/17 14:01:18 [notice] 1#1: worker process 33 exited with code 0
2023/06/17 14:01:18 [notice] 1#1: signal 29 (SIGIO) received
2023/06/17 14:01:18 [notice] 1#1: signal 17 (SIGCHLD) received from 30
2023/06/17 14:01:18 [notice] 1#1: worker process 29 exited with code 0
2023/06/17 14:01:18 [notice] 1#1: worker process 30 exited with code 0
2023/06/17 14:01:18 [notice] 1#1: signal 29 (SIGIO) received
2023/06/17 14:01:18 [notice] 1#1: signal 17 (SIGCHLD) received from 36
2023/06/17 14:01:18 [notice] 1#1: worker process 36 exited with code 0
2023/06/17 14:01:18 [notice] 1#1: signal 29 (SIGIO) received
2023/06/17 14:01:18 [notice] 1#1: signal 17 (SIGCHLD) received from 35
2023/06/17 14:01:18 [notice] 1#1: worker process 31 exited with code 0
2023/06/17 14:01:18 [notice] 1#1: worker process 35 exited with code 0
2023/06/17 14:01:18 [notice] 1#1: signal 29 (SIGIO) received
2023/06/17 14:01:18 [notice] 1#1: signal 17 (SIGCHLD) received from 34
2023/06/17 14:01:18 [notice] 1#1: worker process 34 exited with code 0
2023/06/17 14:01:18 [notice] 1#1: exit
2023/06/17 14:02:37 [notice] 1#1: using the "epoll" event method
2023/06/17 14:02:37 [notice] 1#1: nginx/1.23.4
2023/06/17 14:02:37 [notice] 1#1: built by gcc 12.2.1 20220924 (Alpine 12.2.1_git20220924-r4) 
2023/06/17 14:02:37 [notice] 1#1: OS: Linux 5.8.0-55-generic
2023/06/17 14:02:37 [notice] 1#1: getrlimit(RLIMIT_NOFILE): 1048576:1048576
2023/06/17 14:02:37 [notice] 1#1: start worker processes
2023/06/17 14:02:37 [notice] 1#1: start worker process 29
2023/06/17 14:02:37 [notice] 1#1: start worker process 30
2023/06/17 14:02:37 [notice] 1#1: start worker process 31
2023/06/17 14:02:37 [notice] 1#1: start worker process 32
2023/06/17 14:02:37 [notice] 1#1: start worker process 33
2023/06/17 14:02:37 [notice] 1#1: start worker process 34
2023/06/17 14:02:37 [notice] 1#1: start worker process 35
2023/06/17 14:02:37 [notice] 1#1: start worker process 36
2023/06/17 14:23:30 [notice] 1#1: signal 3 (SIGQUIT) received, shutting down
2023/06/17 14:23:30 [notice] 31#31: gracefully shutting down
2023/06/17 14:23:30 [notice] 35#35: gracefully shutting down
2023/06/17 14:23:30 [notice] 36#36: gracefully shutting down
2023/06/17 14:23:30 [notice] 34#34: gracefully shutting down
2023/06/17 14:23:30 [notice] 33#33: gracefully shutting down
2023/06/17 14:23:30 [notice] 32#32: gracefully shutting down
2023/06/17 14:23:30 [notice] 29#29: gracefully shutting down
2023/06/17 14:23:30 [notice] 32#32: exiting
2023/06/17 14:23:30 [notice] 31#31: exiting
2023/06/17 14:23:30 [notice] 36#36: exiting
2023/06/17 14:23:30 [notice] 33#33: exiting
2023/06/17 14:23:30 [notice] 34#34: exiting
2023/06/17 14:23:30 [notice] 35#35: exiting
2023/06/17 14:23:30 [notice] 29#29: exiting
2023/06/17 14:23:30 [notice] 32#32: exit
2023/06/17 14:23:30 [notice] 33#33: exit
2023/06/17 14:23:30 [notice] 31#31: exit
2023/06/17 14:23:30 [notice] 35#35: exit
2023/06/17 14:23:30 [notice] 36#36: exit
2023/06/17 14:23:30 [notice] 34#34: exit
2023/06/17 14:23:30 [notice] 29#29: exit
2023/06/17 14:23:30 [notice] 30#30: gracefully shutting down
2023/06/17 14:23:30 [notice] 30#30: exiting
2023/06/17 14:23:30 [notice] 30#30: exit
2023/06/17 14:23:30 [notice] 1#1: signal 17 (SIGCHLD) received from 33
2023/06/17 14:23:30 [notice] 1#1: worker process 32 exited with code 0
2023/06/17 14:23:30 [notice] 1#1: worker process 33 exited with code 0
2023/06/17 14:23:30 [notice] 1#1: signal 29 (SIGIO) received
2023/06/17 14:23:30 [notice] 1#1: signal 17 (SIGCHLD) received from 31
2023/06/17 14:23:30 [notice] 1#1: worker process 31 exited with code 0
2023/06/17 14:23:30 [notice] 1#1: signal 29 (SIGIO) received
2023/06/17 14:23:30 [notice] 1#1: signal 17 (SIGCHLD) received from 35
2023/06/17 14:23:30 [notice] 1#1: worker process 35 exited with code 0
2023/06/17 14:23:30 [notice] 1#1: signal 29 (SIGIO) received
2023/06/17 14:23:30 [notice] 1#1: signal 17 (SIGCHLD) received from 29
2023/06/17 14:23:30 [notice] 1#1: worker process 29 exited with code 0
2023/06/17 14:23:30 [notice] 1#1: signal 29 (SIGIO) received
2023/06/17 14:23:30 [notice] 1#1: signal 17 (SIGCHLD) received from 30
2023/06/17 14:23:30 [notice] 1#1: worker process 30 exited with code 0
2023/06/17 14:23:30 [notice] 1#1: signal 29 (SIGIO) received
2023/06/17 14:23:30 [notice] 1#1: signal 17 (SIGCHLD) received from 36
2023/06/17 14:23:30 [notice] 1#1: worker process 36 exited with code 0
2023/06/17 14:23:30 [notice] 1#1: signal 29 (SIGIO) received
2023/06/17 14:23:30 [notice] 1#1: signal 17 (SIGCHLD) received from 34
2023/06/17 14:23:30 [notice] 1#1: worker process 34 exited with code 0
2023/06/17 14:23:30 [notice] 1#1: exit
2023/06/25 09:25:42 [notice] 1#1: using the "epoll" event method
2023/06/25 09:25:42 [notice] 1#1: nginx/1.23.4
2023/06/25 09:25:42 [notice] 1#1: built by gcc 12.2.1 20220924 (Alpine 12.2.1_git20220924-r4) 
2023/06/25 09:25:42 [notice] 1#1: OS: Linux 5.8.0-55-generic
2023/06/25 09:25:42 [notice] 1#1: getrlimit(RLIMIT_NOFILE): 1048576:1048576
2023/06/25 09:25:42 [notice] 1#1: start worker processes
2023/06/25 09:25:42 [notice] 1#1: start worker process 29
2023/06/25 09:25:42 [notice] 1#1: start worker process 30
2023/06/25 09:25:42 [notice] 1#1: start worker process 31
2023/06/25 09:25:42 [notice] 1#1: start worker process 32
2023/06/25 09:25:42 [notice] 1#1: start worker process 33
2023/06/25 09:25:42 [notice] 1#1: start worker process 34
2023/06/25 09:25:42 [notice] 1#1: start worker process 35
2023/06/25 09:25:42 [notice] 1#1: start worker process 36
2023/06/27 22:59:47 [notice] 1#1: signal 3 (SIGQUIT) received, shutting down
2023/06/27 22:59:47 [notice] 31#31: gracefully shutting down
2023/06/27 22:59:47 [notice] 32#32: gracefully shutting down
2023/06/27 22:59:47 [notice] 31#31: exiting
2023/06/27 22:59:47 [notice] 32#32: exiting
2023/06/27 22:59:47 [notice] 30#30: gracefully shutting down
2023/06/27 22:59:47 [notice] 33#33: gracefully shutting down
2023/06/27 22:59:47 [notice] 33#33: exiting
2023/06/27 22:59:47 [notice] 30#30: exiting
2023/06/27 22:59:47 [notice] 35#35: gracefully shutting down
2023/06/27 22:59:47 [notice] 36#36: gracefully shutting down
2023/06/27 22:59:47 [notice] 35#35: exiting
2023/06/27 22:59:47 [notice] 36#36: exiting
2023/06/27 22:59:47 [notice] 34#34: gracefully shutting down
2023/06/27 22:59:47 [notice] 34#34: exiting
2023/06/27 22:59:47 [notice] 33#33: exit
2023/06/27 22:59:47 [notice] 35#35: exit
2023/06/27 22:59:47 [notice] 31#31: exit
2023/06/27 22:59:47 [notice] 36#36: exit
2023/06/27 22:59:47 [notice] 32#32: exit
2023/06/27 22:59:47 [notice] 30#30: exit
2023/06/27 22:59:47 [notice] 34#34: exit
2023/06/27 22:59:47 [notice] 29#29: gracefully shutting down
2023/06/27 22:59:47 [notice] 29#29: exiting
2023/06/27 22:59:47 [notice] 29#29: exit
2023/06/27 22:59:47 [notice] 1#1: signal 17 (SIGCHLD) received from 36
2023/06/27 22:59:47 [notice] 1#1: worker process 30 exited with code 0
2023/06/27 22:59:47 [notice] 1#1: worker process 31 exited with code 0
2023/06/27 22:59:47 [notice] 1#1: worker process 32 exited with code 0
2023/06/27 22:59:47 [notice] 1#1: worker process 34 exited with code 0
2023/06/27 22:59:47 [notice] 1#1: worker process 29 exited with code 0
2023/06/27 22:59:47 [notice] 1#1: worker process 36 exited with code 0
2023/06/27 22:59:47 [notice] 1#1: signal 29 (SIGIO) received
2023/06/27 22:59:47 [notice] 1#1: signal 17 (SIGCHLD) received from 29
2023/06/27 22:59:47 [notice] 1#1: worker process 35 exited with code 0
2023/06/27 22:59:47 [notice] 1#1: signal 29 (SIGIO) received
2023/06/27 22:59:47 [notice] 1#1: signal 17 (SIGCHLD) received from 35
2023/06/27 22:59:47 [notice] 1#1: signal 17 (SIGCHLD) received from 33
2023/06/27 22:59:47 [notice] 1#1: worker process 33 exited with code 0
2023/06/27 22:59:47 [notice] 1#1: exit
2023/06/28 07:01:08 [notice] 1#1: using the "epoll" event method
2023/06/28 07:01:08 [notice] 1#1: nginx/1.23.4
2023/06/28 07:01:08 [notice] 1#1: built by gcc 12.2.1 20220924 (Alpine 12.2.1_git20220924-r4) 
2023/06/28 07:01:08 [notice] 1#1: OS: Linux 5.8.0-55-generic
2023/06/28 07:01:08 [notice] 1#1: getrlimit(RLIMIT_NOFILE): 1048576:1048576
2023/06/28 07:01:08 [notice] 1#1: start worker processes
2023/06/28 07:01:08 [notice] 1#1: start worker process 29
2023/06/28 07:01:08 [notice] 1#1: start worker process 30
2023/06/28 07:01:08 [notice] 1#1: start worker process 31
2023/06/28 07:01:08 [notice] 1#1: start worker process 32
2023/06/28 07:01:08 [notice] 1#1: start worker process 33
2023/06/28 07:01:08 [notice] 1#1: start worker process 34
2023/06/28 07:01:08 [notice] 1#1: start worker process 35
2023/06/28 07:01:08 [notice] 1#1: start worker process 36
2023/06/28 17:08:49 [notice] 1#1: signal 3 (SIGQUIT) received, shutting down
2023/06/28 17:08:49 [notice] 29#29: gracefully shutting down
2023/06/28 17:08:49 [notice] 33#33: gracefully shutting down
2023/06/28 17:08:49 [notice] 32#32: gracefully shutting down
2023/06/28 17:08:49 [notice] 34#34: gracefully shutting down
2023/06/28 17:08:49 [notice] 30#30: gracefully shutting down
2023/06/28 17:08:49 [notice] 36#36: gracefully shutting down
2023/06/28 17:08:49 [notice] 35#35: gracefully shutting down
2023/06/28 17:08:49 [notice] 31#31: gracefully shutting down
2023/06/28 17:08:49 [notice] 32#32: exiting
2023/06/28 17:08:49 [notice] 31#31: exiting
2023/06/28 17:08:49 [notice] 34#34: exiting
2023/06/28 17:08:49 [notice] 36#36: exiting
2023/06/28 17:08:49 [notice] 29#29: exiting
2023/06/28 17:08:49 [notice] 35#35: exiting
2023/06/28 17:08:49 [notice] 33#33: exiting
2023/06/28 17:08:49 [notice] 30#30: exiting
2023/06/28 17:08:49 [notice] 30#30: exit
2023/06/28 17:08:49 [notice] 35#35: exit
2023/06/28 17:08:49 [notice] 29#29: exit
2023/06/28 17:08:49 [notice] 34#34: exit
2023/06/28 17:08:49 [notice] 32#32: exit
2023/06/28 17:08:49 [notice] 31#31: exit
2023/06/28 17:08:49 [notice] 36#36: exit
2023/06/28 17:08:49 [notice] 33#33: exit
2023/06/28 17:08:49 [notice] 1#1: signal 17 (SIGCHLD) received from 32
2023/06/28 17:08:49 [notice] 1#1: worker process 29 exited with code 0
2023/06/28 17:08:49 [notice] 1#1: worker process 31 exited with code 0
2023/06/28 17:08:49 [notice] 1#1: worker process 32 exited with code 0
2023/06/28 17:08:49 [notice] 1#1: worker process 30 exited with code 0
2023/06/28 17:08:49 [notice] 1#1: worker process 33 exited with code 0
2023/06/28 17:08:49 [notice] 1#1: signal 29 (SIGIO) received
2023/06/28 17:08:49 [notice] 1#1: signal 17 (SIGCHLD) received from 29
2023/06/28 17:08:49 [notice] 1#1: signal 17 (SIGCHLD) received from 35
2023/06/28 17:08:49 [notice] 1#1: worker process 35 exited with code 0
2023/06/28 17:08:49 [notice] 1#1: signal 29 (SIGIO) received
2023/06/28 17:08:49 [notice] 1#1: signal 17 (SIGCHLD) received from 34
2023/06/28 17:08:49 [notice] 1#1: worker process 34 exited with code 0
2023/06/28 17:08:49 [notice] 1#1: worker process 36 exited with code 0
2023/06/28 17:08:49 [notice] 1#1: exit
2023/06/28 17:36:04 [notice] 1#1: using the "epoll" event method
2023/06/28 17:36:04 [notice] 1#1: nginx/1.23.4
2023/06/28 17:36:04 [notice] 1#1: built by gcc 12.2.1 20220924 (Alpine 12.2.1_git20220924-r4) 
2023/06/28 17:36:04 [notice] 1#1: OS: Linux 5.8.0-55-generic
2023/06/28 17:36:04 [notice] 1#1: getrlimit(RLIMIT_NOFILE): 1048576:1048576
2023/06/28 17:36:04 [notice] 1#1: start worker processes
2023/06/28 17:36:04 [notice] 1#1: start worker process 29
2023/06/28 17:36:04 [notice] 1#1: start worker process 30
2023/06/28 17:36:04 [notice] 1#1: start worker process 31
2023/06/28 17:36:04 [notice] 1#1: start worker process 32
2023/06/28 17:36:04 [notice] 1#1: start worker process 33
2023/06/28 17:36:04 [notice] 1#1: start worker process 34
2023/06/28 17:36:04 [notice] 1#1: start worker process 35
2023/06/28 17:36:04 [notice] 1#1: start worker process 36
2023/06/30 14:33:19 [notice] 1#1: signal 3 (SIGQUIT) received, shutting down
2023/06/30 14:33:19 [notice] 30#30: gracefully shutting down
2023/06/30 14:33:19 [notice] 31#31: gracefully shutting down
2023/06/30 14:33:19 [notice] 32#32: gracefully shutting down
2023/06/30 14:33:19 [notice] 33#33: gracefully shutting down
2023/06/30 14:33:19 [notice] 34#34: gracefully shutting down
2023/06/30 14:33:19 [notice] 35#35: gracefully shutting down
2023/06/30 14:33:19 [notice] 36#36: gracefully shutting down
2023/06/30 14:33:19 [notice] 29#29: gracefully shutting down
2023/06/30 14:33:19 [notice] 30#30: exiting
2023/06/30 14:33:19 [notice] 34#34: exiting
2023/06/30 14:33:19 [notice] 35#35: exiting
2023/06/30 14:33:19 [notice] 33#33: exiting
2023/06/30 14:33:19 [notice] 31#31: exiting
2023/06/30 14:33:19 [notice] 32#32: exiting
2023/06/30 14:33:19 [notice] 29#29: exiting
2023/06/30 14:33:19 [notice] 36#36: exiting
2023/06/30 14:33:19 [notice] 32#32: exit
2023/06/30 14:33:19 [notice] 29#29: exit
2023/06/30 14:33:19 [notice] 34#34: exit
2023/06/30 14:33:19 [notice] 33#33: exit
2023/06/30 14:33:19 [notice] 36#36: exit
2023/06/30 14:33:19 [notice] 30#30: exit
2023/06/30 14:33:19 [notice] 31#31: exit
2023/06/30 14:33:19 [notice] 35#35: exit
2023/06/30 14:33:19 [notice] 1#1: signal 17 (SIGCHLD) received from 29
2023/06/30 14:33:19 [notice] 1#1: worker process 29 exited with code 0
2023/06/30 14:33:19 [notice] 1#1: worker process 30 exited with code 0
2023/06/30 14:33:19 [notice] 1#1: worker process 36 exited with code 0
2023/06/30 14:33:19 [notice] 1#1: signal 29 (SIGIO) received
2023/06/30 14:33:19 [notice] 1#1: signal 17 (SIGCHLD) received from 32
2023/06/30 14:33:19 [notice] 1#1: worker process 32 exited with code 0
2023/06/30 14:33:19 [notice] 1#1: signal 29 (SIGIO) received
2023/06/30 14:33:19 [notice] 1#1: signal 17 (SIGCHLD) received from 33
2023/06/30 14:33:19 [notice] 1#1: worker process 33 exited with code 0
2023/06/30 14:33:19 [notice] 1#1: signal 29 (SIGIO) received
2023/06/30 14:33:19 [notice] 1#1: signal 17 (SIGCHLD) received from 35
2023/06/30 14:33:19 [notice] 1#1: worker process 35 exited with code 0
2023/06/30 14:33:19 [notice] 1#1: signal 29 (SIGIO) received
2023/06/30 14:33:19 [notice] 1#1: signal 17 (SIGCHLD) received from 31
2023/06/30 14:33:19 [notice] 1#1: worker process 31 exited with code 0
2023/06/30 14:33:19 [notice] 1#1: signal 29 (SIGIO) received
2023/06/30 14:33:19 [notice] 1#1: signal 17 (SIGCHLD) received from 34
2023/06/30 14:33:19 [notice] 1#1: worker process 34 exited with code 0
2023/06/30 14:33:19 [notice] 1#1: exit
2023/08/09 14:56:16 [notice] 1#1: using the "epoll" event method
2023/08/09 14:56:16 [notice] 1#1: nginx/1.23.4
2023/08/09 14:56:16 [notice] 1#1: built by gcc 12.2.1 20220924 (Alpine 12.2.1_git20220924-r4) 
2023/08/09 14:56:16 [notice] 1#1: OS: Linux 5.8.0-55-generic
2023/08/09 14:56:16 [notice] 1#1: getrlimit(RLIMIT_NOFILE): 1048576:1048576
2023/08/09 14:56:16 [notice] 1#1: start worker processes
2023/08/09 14:56:16 [notice] 1#1: start worker process 29
2023/08/09 14:56:16 [notice] 1#1: start worker process 30
2023/08/09 14:56:16 [notice] 1#1: start worker process 31
2023/08/09 14:56:16 [notice] 1#1: start worker process 32
2023/08/09 14:56:16 [notice] 1#1: start worker process 33
2023/08/09 14:56:16 [notice] 1#1: start worker process 34
2023/08/09 14:56:16 [notice] 1#1: start worker process 35
2023/08/09 14:56:16 [notice] 1#1: start worker process 36
2023/08/09 16:39:37 [notice] 1#1: signal 17 (SIGCHLD) received from 59813
2023/08/09 16:39:37 [notice] 1#1: unknown process 59813 exited with code 0
2023/08/09 16:39:37 [notice] 1#1: unknown process 60090 exited with code 0
2023/08/09 16:39:37 [notice] 1#1: signal 17 (SIGCHLD) received from 365
2023/08/09 16:39:37 [notice] 1#1: unknown process 365 exited with code 0
